#
# A fatal error has been detected by the Java Runtime Environment:
#
#  SIGSEGV (0xb) at pc=0x000000010f432d10, pid=3679, tid=16899
#
# JRE version: Java(TM) SE Runtime Environment (8.0_45-b14) (build 1.8.0_45-b14)
# Java VM: Java HotSpot(TM) 64-Bit Server VM (25.45-b02 mixed mode bsd-amd64 compressed oops)
# Problematic frame:
# V  [libjvm.dylib+0x432d10]
#
# Failed to write core dump. Core dumps have been disabled. To enable core dumping, try "ulimit -c unlimited" before starting Java again
#
# If you would like to submit a bug report, please visit:
#   http://bugreport.java.com/bugreport/crash.jsp
#

---------------  T H R E A D  ---------------

Current thread (0x00007fb7f603a800):  JavaThread "JDWP Transport Listener: dt_socket" daemon [_thread_in_vm, id=16899, stack(0x00007000025fa000,0x00007000026fa000)]

siginfo: si_signo: 11 (SIGSEGV), si_code: 0 (unknown), si_addr: 0x0000000000000000

Registers:
RAX=0x0000000000000001, RBX=0x00007000026f9a8b, RCX=0x000000010f7fa190, RDX=0x00007000026f9a8b
RSP=0x00007000026f99d0, RBP=0x00007000026f99e0, RSI=0x00007fb7f603a800, RDI=0x6f646e69576d756d
R8 =0x0000000000000000, R9 =0x00007fb7f5520a60, R10=0x0000000000000001, R11=0x0000000000000001
R12=0x00007fb7f603a800, R13=0x6f646e69576d756d, R14=0x6f646e69576d756d, R15=0x00007fb7f54019b0
RIP=0x000000010f432d10, EFLAGS=0x0000000000010202, ERR=0x0000000000000000
  TRAPNO=0x000000000000000d

Top of Stack: (sp=0x00007000026f99d0)
0x00007000026f99d0:   00007000026f9a8b 00007000026f9a8b
0x00007000026f99e0:   00007000026f9a40 000000010f3430d6
0x00007000026f99f0:   00007fb7f603a800 0000000000000000
0x00007000026f9a00:   0000000000000000 0000000000000000
0x00007000026f9a10:   00007fb7f603a800 00007fb7f603a800
0x00007000026f9a20:   00007000026f9a8b 00007000026f9a90
0x00007000026f9a30:   6f646e69576d756d 0000000000000003
0x00007000026f9a40:   00007000026f9a60 000000010e730780
0x00007000026f9a50:   0000000000000001 00007000026f9b08
0x00007000026f9a60:   00007000026f9ad0 000000010e7151f3
0x00007000026f9a70:   00007000026f9aa0 00007fb7f5520450
0x00007000026f9a80:   0000000400000032 0000000a006f9b08
0x00007000026f9a90:   0000000000000000 0000000000000000
0x00007000026f9aa0:   0000000000000000 00007000026f9c90
0x00007000026f9ab0:   000000010e737e7a 00007fb7f570e9c0
0x00007000026f9ac0:   00007000026f9b08 000000010e743598
0x00007000026f9ad0:   00007000026f9ae0 000000010e7152ec
0x00007000026f9ae0:   00007000026f9d00 000000010e71e898
0x00007000026f9af0:   0000081000000013 00000000000f0200
0x00007000026f9b00:   00007fb7f570c760 00007000026f9beb
0x00007000026f9b10:   00007fb700000099 00007000026f9b20
0x00007000026f9b20:   00007fb700000093 00007000026f9b58
0x00007000026f9b30:   0000000000000000 0000000000000000
0x00007000026f9b40:   000008100000000f 00007fb700006780
0x00007000026f9b50:   00007000026f9b58 b77f000004000000
0x00007000026f9b60:   16000000e03462f5 676e697070617274
0x00007000026f9b70:   6f70327265746157 0000737265746e69
0x00007000026f9b80:   004929495b280500 000a000000000000
0x00007000026f9b90:   00c83462f5b77f00 006e69616d040000
0x00007000026f9ba0:   616a4c5b28160000 2f676e616c2f6176
0x00007000026f9bb0:   293b676e69727453 0000000000000056
0x00007000026f9bc0:   3462f5b77f000009 6172740d000000d0 

Instructions: (pc=0x000000010f432d10)
0x000000010f432cf0:   40 48 48 85 c0 75 e0 30 c0 0f b6 c0 5d c3 31 c0
0x000000010f432d00:   5d c3 55 48 89 e5 53 48 83 ec 08 48 85 ff 74 24
0x000000010f432d10:   48 8b 1f 48 85 db 74 1c 48 83 fb 37 74 16 48 8b
0x000000010f432d20:   03 48 89 df ff 50 10 84 c0 b8 00 00 00 00 48 0f 

Register to memory mapping:

RAX=0x0000000000000001 is an unknown value
RBX=0x00007000026f9a8b is pointing into the stack for thread: 0x00007fb7f603a800
RCX=0x000000010f7fa190: UseMembar+0 in /Library/Java/JavaVirtualMachines/jdk1.8.0_45.jdk/Contents/Home/jre/lib/server/libjvm.dylib at 0x000000010f000000
RDX=0x00007000026f9a8b is pointing into the stack for thread: 0x00007fb7f603a800
RSP=0x00007000026f99d0 is pointing into the stack for thread: 0x00007fb7f603a800
RBP=0x00007000026f99e0 is pointing into the stack for thread: 0x00007fb7f603a800
RSI=0x00007fb7f603a800 is a thread
RDI=0x6f646e69576d756d is an unknown value
R8 =0x0000000000000000 is an unknown value
R9 =0x00007fb7f5520a60 is an unknown value
R10=0x0000000000000001 is an unknown value
R11=0x0000000000000001 is an unknown value
R12=0x00007fb7f603a800 is a thread
R13=0x6f646e69576d756d is an unknown value
R14=0x6f646e69576d756d is an unknown value
R15=0x00007fb7f54019b0 is an unknown value


Stack: [0x00007000025fa000,0x00007000026fa000],  sp=0x00007000026f99d0,  free space=1022k
Native frames: (J=compiled Java code, j=interpreted, Vv=VM code, C=native code)
V  [libjvm.dylib+0x432d10]
V  [libjvm.dylib+0x3430d6]
C  [libjdwp.dylib+0x20780]  isMethodSynthetic+0x63
C  [libjdwp.dylib+0x51f3]  methods1+0x10b
C  [libjdwp.dylib+0x52ec]  methodsWithGeneric+0xe
C  [libjdwp.dylib+0xe898]  debugLoop_run+0x1ce
C  [libjdwp.dylib+0x1f6ba]  attachThread+0x4d
V  [libjvm.dylib+0x38401c]
V  [libjvm.dylib+0x549acf]
V  [libjvm.dylib+0x54b1c0]
V  [libjvm.dylib+0x46ea7e]
C  [libsystem_pthread.dylib+0x3aab]  _pthread_body+0xb4
C  [libsystem_pthread.dylib+0x39f7]  _pthread_body+0x0
C  [libsystem_pthread.dylib+0x31fd]  thread_start+0xd
C  0x0000000000000000


---------------  P R O C E S S  ---------------

Java Threads: ( => current thread )
  0x00007fb7f6833800 JavaThread "Service Thread" daemon [_thread_blocked, id=19971, stack(0x0000700002c0c000,0x0000700002d0c000)]
  0x00007fb7f5815800 JavaThread "C1 CompilerThread2" daemon [_thread_blocked, id=19459, stack(0x0000700002b09000,0x0000700002c09000)]
  0x00007fb7f5811800 JavaThread "C2 CompilerThread1" daemon [_thread_blocked, id=18947, stack(0x0000700002a06000,0x0000700002b06000)]
  0x00007fb7f701d800 JavaThread "C2 CompilerThread0" daemon [_thread_blocked, id=18435, stack(0x0000700002903000,0x0000700002a03000)]
  0x00007fb7f702e800 JavaThread "JDWP Command Reader" daemon [_thread_in_native, id=17923, stack(0x0000700002800000,0x0000700002900000)]
  0x00007fb7f603d800 JavaThread "JDWP Event Helper Thread" daemon [_thread_blocked, id=17411, stack(0x00007000026fd000,0x00007000027fd000)]
=>0x00007fb7f603a800 JavaThread "JDWP Transport Listener: dt_socket" daemon [_thread_in_vm, id=16899, stack(0x00007000025fa000,0x00007000026fa000)]
  0x00007fb7f580e000 JavaThread "Signal Dispatcher" daemon [_thread_blocked, id=16387, stack(0x00007000024f7000,0x00007000025f7000)]
  0x00007fb7f681f000 JavaThread "Finalizer" daemon [_thread_blocked, id=12547, stack(0x00007000023f4000,0x00007000024f4000)]
  0x00007fb7f6000000 JavaThread "Reference Handler" daemon [_thread_blocked, id=12035, stack(0x00007000022f1000,0x00007000023f1000)]
  0x00007fb7f7002800 JavaThread "main" [_thread_blocked, id=7171, stack(0x0000700001cdf000,0x0000700001ddf000)]

Other Threads:
  0x00007fb7f5839000 VMThread [stack: 0x00007000021ee000,0x00007000022ee000] [id=11523]
  0x00007fb7f6834000 WatcherThread [stack: 0x0000700002d0f000,0x0000700002e0f000] [id=20483]

VM state:not at safepoint (normal execution)

VM Mutex/Monitor currently owned by a thread: None

Heap:
 PSYoungGen      total 38400K, used 3336K [0x0000000795580000, 0x0000000798000000, 0x00000007c0000000)
  eden space 33280K, 10% used [0x0000000795580000,0x00000007958c20e0,0x0000000797600000)
  from space 5120K, 0% used [0x0000000797b00000,0x0000000797b00000,0x0000000798000000)
  to   space 5120K, 0% used [0x0000000797600000,0x0000000797600000,0x0000000797b00000)
 ParOldGen       total 87552K, used 0K [0x0000000740000000, 0x0000000745580000, 0x0000000795580000)
  object space 87552K, 0% used [0x0000000740000000,0x0000000740000000,0x0000000745580000)
 Metaspace       used 2829K, capacity 4494K, committed 4864K, reserved 1056768K
  class space    used 302K, capacity 386K, committed 512K, reserved 1048576K

Card table byte_map: [0x0000000110329000,0x000000011072a000] byte_map_base: 0x000000010c929000

Marking Bits: (ParMarkBitMap*) 0x000000010f8c27a0
 Begin Bits: [0x00000001109d5000, 0x00000001129d5000)
 End Bits:   [0x00000001129d5000, 0x00000001149d5000)

Polling page: 0x000000010d60f000

CodeCache: size=245760Kb used=1174Kb max_used=1184Kb free=244585Kb
 bounds [0x000000011b662000, 0x000000011b8d2000, 0x000000012a662000]
 total_blobs=290 nmethods=58 adapters=154
 compilation: enabled

Compilation events (10 events):
Event: 0.295 Thread 0x00007fb7f5815800   54       1       java.lang.Object::<init> (1 bytes)
Event: 0.295 Thread 0x00007fb7f5815800 nmethod 54 0x000000011b786290 code [0x000000011b7863e0, 0x000000011b7864f0]
Event: 0.296 Thread 0x00007fb7f5811800   55       4       java.lang.String::hashCode (55 bytes)
Event: 0.296 Thread 0x00007fb7f5815800   57       3       java.lang.AbstractStringBuilder::expandCapacity (50 bytes)
Event: 0.297 Thread 0x00007fb7f5815800 nmethod 57 0x000000011b786550 code [0x000000011b786700, 0x000000011b786c78]
Event: 0.297 Thread 0x00007fb7f5815800   56       1       java.net.URL::getFile (5 bytes)
Event: 0.298 Thread 0x00007fb7f5815800 nmethod 56 0x000000011b786ed0 code [0x000000011b787020, 0x000000011b787130]
Event: 0.299 Thread 0x00007fb7f5811800 nmethod 55 0x000000011b789f50 code [0x000000011b78a0a0, 0x000000011b78a258]
Event: 0.301 Thread 0x00007fb7f5815800   58       3       java.util.Arrays::copyOf (19 bytes)
Event: 0.302 Thread 0x00007fb7f5815800 nmethod 58 0x000000011b789950 code [0x000000011b789ae0, 0x000000011b789e08]

GC Heap History (0 events):
No events

Deoptimization events (1 events):
Event: 0.301 Thread 0x00007fb7f7002800 Uncommon trap: reason=unstable_if action=reinterpret pc=0x000000011b78a20c method=java.lang.String.hashCode()I @ 14

Internal exceptions (2 events):
Event: 0.113 Thread 0x00007fb7f7002800 Exception <a 'java/lang/NoSuchMethodError': Method sun.misc.Unsafe.defineClass(Ljava/lang/String;[BII)Ljava/lang/Class; name or signature does not match> (0x0000000795592db0) thrown at [/Users/java_re/workspace/8-2-build-macosx-x86_64/jdk8u45/3457/hotspot
Event: 0.113 Thread 0x00007fb7f7002800 Exception <a 'java/lang/NoSuchMethodError': Method sun.misc.Unsafe.prefetchRead(Ljava/lang/Object;J)V name or signature does not match> (0x0000000795593040) thrown at [/Users/java_re/workspace/8-2-build-macosx-x86_64/jdk8u45/3457/hotspot/src/share/vm/prim

Events (10 events):
Event: 4521.095 Executing VM operation: ChangeBreakpoints
Event: 4521.095 Executing VM operation: ChangeBreakpoints done
Event: 4525.382 Executing VM operation: ChangeBreakpoints
Event: 4525.382 Executing VM operation: ChangeBreakpoints done
Event: 4525.386 Executing VM operation: ChangeBreakpoints
Event: 4525.386 Executing VM operation: ChangeBreakpoints done
Event: 4525.759 Executing VM operation: ChangeBreakpoints
Event: 4525.759 Executing VM operation: ChangeBreakpoints done
Event: 4549.409 Executing VM operation: RedefineClasses
Event: 4549.410 Executing VM operation: RedefineClasses done


Dynamic libraries:
0x00000000539ce000 	/System/Library/Frameworks/Cocoa.framework/Versions/A/Cocoa
0x00000000539ce000 	/System/Library/Frameworks/Security.framework/Versions/A/Security
0x00000000539ce000 	/System/Library/Frameworks/ApplicationServices.framework/Versions/A/ApplicationServices
0x00000000539ce000 	/usr/lib/libz.1.dylib
0x000000010d606000 	/usr/lib/libSystem.B.dylib
0x00000000539ce000 	/usr/lib/libobjc.A.dylib
0x00000000539ce000 	/System/Library/Frameworks/CoreFoundation.framework/Versions/A/CoreFoundation
0x00000000539ce000 	/System/Library/Frameworks/Foundation.framework/Versions/C/Foundation
0x00000000539ce000 	/System/Library/Frameworks/AppKit.framework/Versions/C/AppKit
0x00000000539ce000 	/System/Library/Frameworks/CoreData.framework/Versions/A/CoreData
0x00000000539ce000 	/System/Library/PrivateFrameworks/RemoteViewServices.framework/Versions/A/RemoteViewServices
0x00000000539ce000 	/System/Library/PrivateFrameworks/UIFoundation.framework/Versions/A/UIFoundation
0x00000000539ce000 	/System/Library/PrivateFrameworks/DFRFoundation.framework/Versions/A/DFRFoundation
0x00000000539ce000 	/usr/lib/libenergytrace.dylib
0x00000000539ce000 	/System/Library/PrivateFrameworks/SkyLight.framework/Versions/A/SkyLight
0x00000000539ce000 	/System/Library/Frameworks/CoreGraphics.framework/Versions/A/CoreGraphics
0x00000000539ce000 	/usr/lib/libScreenReader.dylib
0x00000000539ce000 	/System/Library/Frameworks/Accelerate.framework/Versions/A/Accelerate
0x00000000539ce000 	/System/Library/Frameworks/IOSurface.framework/Versions/A/IOSurface
0x00000000539ce000 	/System/Library/Frameworks/AudioToolbox.framework/Versions/A/AudioToolbox
0x00000000539ce000 	/System/Library/Frameworks/AudioUnit.framework/Versions/A/AudioUnit
0x00000000539ce000 	/System/Library/PrivateFrameworks/DataDetectorsCore.framework/Versions/A/DataDetectorsCore
0x00000000539ce000 	/System/Library/PrivateFrameworks/DesktopServicesPriv.framework/Versions/A/DesktopServicesPriv
0x00000000539ce000 	/System/Library/Frameworks/Carbon.framework/Versions/A/Frameworks/HIToolbox.framework/Versions/A/HIToolbox
0x00000000539ce000 	/usr/lib/libicucore.A.dylib
0x00000000539ce000 	/System/Library/Frameworks/QuartzCore.framework/Versions/A/QuartzCore
0x00000000539ce000 	/System/Library/Frameworks/Carbon.framework/Versions/A/Frameworks/SpeechRecognition.framework/Versions/A/SpeechRecognition
0x00000000539ce000 	/usr/lib/libauto.dylib
0x00000000539ce000 	/usr/lib/libxml2.2.dylib
0x00000000539ce000 	/System/Library/PrivateFrameworks/CoreUI.framework/Versions/A/CoreUI
0x00000000539ce000 	/System/Library/Frameworks/CoreAudio.framework/Versions/A/CoreAudio
0x00000000539ce000 	/System/Library/Frameworks/DiskArbitration.framework/Versions/A/DiskArbitration
0x00000000539ce000 	/usr/lib/liblangid.dylib
0x00000000539ce000 	/System/Library/PrivateFrameworks/MultitouchSupport.framework/Versions/A/MultitouchSupport
0x000000010d614000 	/System/Library/Frameworks/IOKit.framework/Versions/A/IOKit
0x00000000539ce000 	/usr/lib/libDiagnosticMessagesClient.dylib
0x00000000539ce000 	/System/Library/Frameworks/CoreServices.framework/Versions/A/CoreServices
0x00000000539ce000 	/System/Library/PrivateFrameworks/PerformanceAnalysis.framework/Versions/A/PerformanceAnalysis
0x00000000539ce000 	/System/Library/PrivateFrameworks/GenerationalStorage.framework/Versions/A/GenerationalStorage
0x00000000539ce000 	/System/Library/Frameworks/OpenGL.framework/Versions/A/OpenGL
0x00000000539ce000 	/System/Library/Frameworks/CoreImage.framework/Versions/A/CoreImage
0x00000000539ce000 	/System/Library/Frameworks/CoreText.framework/Versions/A/CoreText
0x00000000539ce000 	/System/Library/Frameworks/ImageIO.framework/Versions/A/ImageIO
0x00000000539ce000 	/System/Library/PrivateFrameworks/Backup.framework/Versions/A/Backup
0x00000000539ce000 	/usr/lib/libarchive.2.dylib
0x000000010d6f2000 	/System/Library/Frameworks/CFNetwork.framework/Versions/A/CFNetwork
0x00000000539ce000 	/System/Library/Frameworks/SystemConfiguration.framework/Versions/A/SystemConfiguration
0x00000000539ce000 	/usr/lib/libCRFSuite.dylib
0x000000010dde3000 	/usr/lib/libc++.1.dylib
0x00000000539ce000 	/usr/lib/libc++abi.dylib
0x000000010de98000 	/usr/lib/system/libcache.dylib
0x00000000539ce000 	/usr/lib/system/libcommonCrypto.dylib
0x000000010dea4000 	/usr/lib/system/libcompiler_rt.dylib
0x000000010deba000 	/usr/lib/system/libcopyfile.dylib
0x00000000539ce000 	/usr/lib/system/libcorecrypto.dylib
0x000000010decf000 	/usr/lib/system/libdispatch.dylib
0x000000010df3c000 	/usr/lib/system/libdyld.dylib
0x000000010df4d000 	/usr/lib/system/libkeymgr.dylib
0x000000010df54000 	/usr/lib/system/liblaunch.dylib
0x000000010df5c000 	/usr/lib/system/libmacho.dylib
0x000000010df6f000 	/usr/lib/system/libquarantine.dylib
0x000000010df7d000 	/usr/lib/system/libremovefile.dylib
0x000000010df87000 	/usr/lib/system/libsystem_asl.dylib
0x000000010dfaf000 	/usr/lib/system/libsystem_blocks.dylib
0x000000010dfba000 	/usr/lib/system/libsystem_c.dylib
0x000000010e074000 	/usr/lib/system/libsystem_configuration.dylib
0x000000010e084000 	/usr/lib/system/libsystem_coreservices.dylib
0x000000010e092000 	/usr/lib/system/libsystem_coretls.dylib
0x000000010e0b7000 	/usr/lib/system/libsystem_dnssd.dylib
0x000000010e0c8000 	/usr/lib/system/libsystem_info.dylib
0x000000010e10e000 	/usr/lib/system/libsystem_kernel.dylib
0x000000010e14e000 	/usr/lib/system/libsystem_m.dylib
0x000000010e1a8000 	/usr/lib/system/libsystem_malloc.dylib
0x000000010e1d3000 	/usr/lib/system/libsystem_network.dylib
0x000000010e24f000 	/usr/lib/system/libsystem_networkextension.dylib
0x000000010e267000 	/usr/lib/system/libsystem_notify.dylib
0x000000010e27e000 	/usr/lib/system/libsystem_platform.dylib
0x000000010e296000 	/usr/lib/system/libsystem_pthread.dylib
0x000000010e2b2000 	/usr/lib/system/libsystem_sandbox.dylib
0x000000010e2c1000 	/usr/lib/system/libsystem_secinit.dylib
0x000000010e2c8000 	/usr/lib/system/libsystem_symptoms.dylib
0x000000010e2d9000 	/usr/lib/system/libsystem_trace.dylib
0x000000010e30f000 	/usr/lib/system/libunwind.dylib
0x000000010e320000 	/usr/lib/system/libxpc.dylib
0x00000000539ce000 	/usr/lib/libbsm.0.dylib
0x000000010e36f000 	/usr/lib/system/libkxld.dylib
0x00000000539ce000 	/usr/lib/libcoretls.dylib
0x00000000539ce000 	/usr/lib/libcoretls_cfhelpers.dylib
0x00000000539ce000 	/usr/lib/libxar.1.dylib
0x000000010e387000 	/usr/lib/libsqlite3.dylib
0x00000000539ce000 	/usr/lib/libpam.2.dylib
0x00000000539ce000 	/usr/lib/libOpenScriptingUtil.dylib
0x00000000539ce000 	/usr/lib/libbz2.1.0.dylib
0x00000000539ce000 	/usr/lib/liblzma.5.dylib
0x000000010e4f3000 	/usr/lib/libnetwork.dylib
0x00000000539ce000 	/usr/lib/libpcap.A.dylib
0x00000000539ce000 	/System/Library/Frameworks/CoreServices.framework/Versions/A/Frameworks/FSEvents.framework/Versions/A/FSEvents
0x00000000539ce000 	/System/Library/Frameworks/CoreServices.framework/Versions/A/Frameworks/CarbonCore.framework/Versions/A/CarbonCore
0x00000000539ce000 	/System/Library/Frameworks/CoreServices.framework/Versions/A/Frameworks/Metadata.framework/Versions/A/Metadata
0x00000000539ce000 	/System/Library/Frameworks/CoreServices.framework/Versions/A/Frameworks/OSServices.framework/Versions/A/OSServices
0x00000000539ce000 	/System/Library/Frameworks/CoreServices.framework/Versions/A/Frameworks/SearchKit.framework/Versions/A/SearchKit
0x00000000539ce000 	/System/Library/Frameworks/CoreServices.framework/Versions/A/Frameworks/AE.framework/Versions/A/AE
0x00000000539ce000 	/System/Library/Frameworks/CoreServices.framework/Versions/A/Frameworks/LaunchServices.framework/Versions/A/LaunchServices
0x00000000539ce000 	/System/Library/Frameworks/CoreServices.framework/Versions/A/Frameworks/DictionaryServices.framework/Versions/A/DictionaryServices
0x00000000539ce000 	/System/Library/Frameworks/CoreServices.framework/Versions/A/Frameworks/SharedFileList.framework/Versions/A/SharedFileList
0x00000000539ce000 	/System/Library/Frameworks/NetFS.framework/Versions/A/NetFS
0x00000000539ce000 	/System/Library/PrivateFrameworks/NetAuth.framework/Versions/A/NetAuth
0x00000000539ce000 	/System/Library/PrivateFrameworks/login.framework/Versions/A/Frameworks/loginsupport.framework/Versions/A/loginsupport
0x00000000539ce000 	/System/Library/PrivateFrameworks/TCC.framework/Versions/A/TCC
0x00000000539ce000 	/usr/lib/libmecabra.dylib
0x00000000539ce000 	/System/Library/Frameworks/ApplicationServices.framework/Versions/A/Frameworks/ATS.framework/Versions/A/ATS
0x00000000539ce000 	/System/Library/Frameworks/ApplicationServices.framework/Versions/A/Frameworks/ColorSync.framework/Versions/A/ColorSync
0x00000000539ce000 	/System/Library/Frameworks/ApplicationServices.framework/Versions/A/Frameworks/HIServices.framework/Versions/A/HIServices
0x00000000539ce000 	/System/Library/Frameworks/ApplicationServices.framework/Versions/A/Frameworks/LangAnalysis.framework/Versions/A/LangAnalysis
0x00000000539ce000 	/System/Library/Frameworks/ApplicationServices.framework/Versions/A/Frameworks/PrintCore.framework/Versions/A/PrintCore
0x00000000539ce000 	/System/Library/Frameworks/ApplicationServices.framework/Versions/A/Frameworks/QD.framework/Versions/A/QD
0x00000000539ce000 	/System/Library/Frameworks/ApplicationServices.framework/Versions/A/Frameworks/SpeechSynthesis.framework/Versions/A/SpeechSynthesis
0x00000000539ce000 	/System/Library/Frameworks/Accelerate.framework/Versions/A/Frameworks/vImage.framework/Versions/A/vImage
0x00000000539ce000 	/System/Library/Frameworks/Accelerate.framework/Versions/A/Frameworks/vecLib.framework/Versions/A/vecLib
0x00000000539ce000 	/System/Library/Frameworks/Accelerate.framework/Versions/A/Frameworks/vecLib.framework/Versions/A/libvDSP.dylib
0x00000000539ce000 	/System/Library/Frameworks/Accelerate.framework/Versions/A/Frameworks/vecLib.framework/Versions/A/libBNNS.dylib
0x00000000539ce000 	/System/Library/Frameworks/Accelerate.framework/Versions/A/Frameworks/vecLib.framework/Versions/A/libQuadrature.dylib
0x00000000539ce000 	/System/Library/Frameworks/Accelerate.framework/Versions/A/Frameworks/vecLib.framework/Versions/A/libvMisc.dylib
0x00000000539ce000 	/System/Library/Frameworks/Accelerate.framework/Versions/A/Frameworks/vecLib.framework/Versions/A/libLAPACK.dylib
0x00000000539ce000 	/System/Library/Frameworks/Accelerate.framework/Versions/A/Frameworks/vecLib.framework/Versions/A/libBLAS.dylib
0x00000000539ce000 	/System/Library/Frameworks/Accelerate.framework/Versions/A/Frameworks/vecLib.framework/Versions/A/libLinearAlgebra.dylib
0x00000000539ce000 	/System/Library/Frameworks/Accelerate.framework/Versions/A/Frameworks/vecLib.framework/Versions/A/libSparseBLAS.dylib
0x00000000539ce000 	/System/Library/Frameworks/ApplicationServices.framework/Versions/A/Frameworks/ATS.framework/Versions/A/Resources/libFontParser.dylib
0x00000000539ce000 	/System/Library/Frameworks/ApplicationServices.framework/Versions/A/Frameworks/ATS.framework/Versions/A/Resources/libFontRegistry.dylib
0x00000000539ce000 	/System/Library/Frameworks/ImageIO.framework/Versions/A/Resources/libJPEG.dylib
0x00000000539ce000 	/System/Library/Frameworks/ImageIO.framework/Versions/A/Resources/libTIFF.dylib
0x00000000539ce000 	/System/Library/Frameworks/ImageIO.framework/Versions/A/Resources/libPng.dylib
0x00000000539ce000 	/System/Library/Frameworks/ImageIO.framework/Versions/A/Resources/libGIF.dylib
0x00000000539ce000 	/System/Library/Frameworks/ImageIO.framework/Versions/A/Resources/libJP2.dylib
0x00000000539ce000 	/System/Library/Frameworks/ImageIO.framework/Versions/A/Resources/libRadiance.dylib
0x00000000539ce000 	/usr/lib/libcompression.dylib
0x00000000539ce000 	/System/Library/PrivateFrameworks/AppleJPEG.framework/Versions/A/AppleJPEG
0x00000000539ce000 	/usr/lib/libcups.2.dylib
0x00000000539ce000 	/System/Library/Frameworks/Kerberos.framework/Versions/A/Kerberos
0x00000000539ce000 	/System/Library/Frameworks/GSS.framework/Versions/A/GSS
0x00000000539ce000 	/usr/lib/libresolv.9.dylib
0x00000000539ce000 	/usr/lib/libiconv.2.dylib
0x00000000539ce000 	/System/Library/PrivateFrameworks/Heimdal.framework/Versions/A/Heimdal
0x00000000539ce000 	/usr/lib/libheimdal-asn1.dylib
0x00000000539ce000 	/System/Library/Frameworks/OpenDirectory.framework/Versions/A/OpenDirectory
0x00000000539ce000 	/System/Library/PrivateFrameworks/CommonAuth.framework/Versions/A/CommonAuth
0x00000000539ce000 	/System/Library/Frameworks/OpenDirectory.framework/Versions/A/Frameworks/CFOpenDirectory.framework/Versions/A/CFOpenDirectory
0x00000000539ce000 	/System/Library/Frameworks/SecurityFoundation.framework/Versions/A/SecurityFoundation
0x00000000539ce000 	/System/Library/PrivateFrameworks/LanguageModeling.framework/Versions/A/LanguageModeling
0x00000000539ce000 	/usr/lib/libmarisa.dylib
0x00000000539ce000 	/usr/lib/libChineseTokenizer.dylib
0x00000000539ce000 	/usr/lib/libcmph.dylib
0x00000000539ce000 	/System/Library/PrivateFrameworks/CoreEmoji.framework/Versions/A/CoreEmoji
0x000000010e5ad000 	/System/Library/Frameworks/ServiceManagement.framework/Versions/A/ServiceManagement
0x00000000539ce000 	/usr/lib/libxslt.1.dylib
0x00000000539ce000 	/System/Library/Frameworks/Carbon.framework/Versions/A/Frameworks/Ink.framework/Versions/A/Ink
0x00000000539ce000 	/System/Library/PrivateFrameworks/TextureIO.framework/Versions/A/TextureIO
0x00000000539ce000 	/System/Library/Frameworks/Metal.framework/Versions/A/Metal
0x00000000539ce000 	/usr/lib/libate.dylib
0x00000000539ce000 	/System/Library/PrivateFrameworks/GPUCompiler.framework/libmetal_timestamp.dylib
0x00000000539ce000 	/System/Library/Frameworks/OpenGL.framework/Versions/A/Libraries/libCoreFSCache.dylib
0x00000000539ce000 	/System/Library/PrivateFrameworks/IOAccelerator.framework/Versions/A/IOAccelerator
0x00000000539ce000 	/System/Library/Frameworks/CoreVideo.framework/Versions/A/CoreVideo
0x00000000539ce000 	/usr/lib/libFosl_dynamic.dylib
0x00000000539ce000 	/System/Library/PrivateFrameworks/MetalPerformanceShaders.framework/Versions/A/MetalPerformanceShaders
0x00000000539ce000 	/System/Library/PrivateFrameworks/FaceCore.framework/Versions/A/FaceCore
0x00000000539ce000 	/System/Library/Frameworks/OpenCL.framework/Versions/A/OpenCL
0x00000000539ce000 	/System/Library/Frameworks/OpenGL.framework/Versions/A/Libraries/libGLU.dylib
0x00000000539ce000 	/System/Library/Frameworks/OpenGL.framework/Versions/A/Libraries/libGFXShared.dylib
0x00000000539ce000 	/System/Library/Frameworks/OpenGL.framework/Versions/A/Libraries/libGL.dylib
0x00000000539ce000 	/System/Library/Frameworks/OpenGL.framework/Versions/A/Libraries/libGLImage.dylib
0x00000000539ce000 	/System/Library/Frameworks/OpenGL.framework/Versions/A/Libraries/libCVMSPluginSupport.dylib
0x00000000539ce000 	/System/Library/Frameworks/OpenGL.framework/Versions/A/Libraries/libCoreVMClient.dylib
0x00000000539ce000 	/System/Library/PrivateFrameworks/CrashReporterSupport.framework/Versions/A/CrashReporterSupport
0x00000000539ce000 	/System/Library/PrivateFrameworks/Sharing.framework/Versions/A/Sharing
0x00000000539ce000 	/System/Library/PrivateFrameworks/IconServices.framework/Versions/A/IconServices
0x00000000539ce000 	/System/Library/PrivateFrameworks/ProtocolBuffer.framework/Versions/A/ProtocolBuffer
0x00000000539ce000 	/System/Library/PrivateFrameworks/Apple80211.framework/Versions/A/Apple80211
0x00000000539ce000 	/System/Library/Frameworks/CoreWLAN.framework/Versions/A/CoreWLAN
0x00000000539ce000 	/System/Library/PrivateFrameworks/CoreUtils.framework/Versions/A/CoreUtils
0x00000000539ce000 	/System/Library/Frameworks/IOBluetooth.framework/Versions/A/IOBluetooth
0x00000000539ce000 	/System/Library/PrivateFrameworks/CoreWiFi.framework/Versions/A/CoreWiFi
0x00000000539ce000 	/System/Library/Frameworks/CoreBluetooth.framework/Versions/A/CoreBluetooth
0x00000000539ce000 	/System/Library/Frameworks/CoreDisplay.framework/Versions/A/CoreDisplay
0x00000000539ce000 	/System/Library/PrivateFrameworks/IOPresentment.framework/Versions/A/IOPresentment
0x00000000539ce000 	/System/Library/PrivateFrameworks/DebugSymbols.framework/Versions/A/DebugSymbols
0x00000000539ce000 	/System/Library/PrivateFrameworks/CoreSymbolication.framework/Versions/A/CoreSymbolication
0x00000000539ce000 	/System/Library/PrivateFrameworks/Symbolication.framework/Versions/A/Symbolication
0x00000000539ce000 	/System/Library/PrivateFrameworks/AppleFSCompression.framework/Versions/A/AppleFSCompression
0x00000000539ce000 	/System/Library/PrivateFrameworks/SpeechRecognitionCore.framework/Versions/A/SpeechRecognitionCore
0x00000000539ce000 	/System/Library/PrivateFrameworks/ChunkingLibrary.framework/Versions/A/ChunkingLibrary
0x000000010f000000 	/Library/Java/JavaVirtualMachines/jdk1.8.0_45.jdk/Contents/Home/jre/lib/server/libjvm.dylib
0x000000010e614000 	/usr/lib/libstdc++.6.dylib
0x000000010e6cd000 	/Library/Java/JavaVirtualMachines/jdk1.8.0_45.jdk/Contents/Home/jre/lib/libverify.dylib
0x000000010e6db000 	/Library/Java/JavaVirtualMachines/jdk1.8.0_45.jdk/Contents/Home/jre/lib/libjava.dylib
0x000000010e710000 	/Library/Java/JavaVirtualMachines/jdk1.8.0_45.jdk/Contents/Home/jre/lib/libjdwp.dylib
0x000000010d610000 	/Library/Java/JavaVirtualMachines/jdk1.8.0_45.jdk/Contents/Home/jre/lib/libnpt.dylib
0x000000010e763000 	/Library/Java/JavaVirtualMachines/jdk1.8.0_45.jdk/Contents/Home/jre/lib/libzip.dylib
0x000000011683b000 	/System/Library/Frameworks/JavaVM.framework/Frameworks/JavaRuntimeSupport.framework/JavaRuntimeSupport
0x0000000116855000 	/System/Library/Frameworks/JavaVM.framework/Versions/A/Frameworks/JavaNativeFoundation.framework/Versions/A/JavaNativeFoundation
0x000000011686a000 	/System/Library/Frameworks/JavaVM.framework/Versions/A/JavaVM
0x00000000539ce000 	/System/Library/Frameworks/Carbon.framework/Versions/A/Carbon
0x0000000116877000 	/System/Library/PrivateFrameworks/JavaLaunching.framework/Versions/A/JavaLaunching
0x00000000539ce000 	/System/Library/Frameworks/Carbon.framework/Versions/A/Frameworks/CommonPanels.framework/Versions/A/CommonPanels
0x00000000539ce000 	/System/Library/Frameworks/Carbon.framework/Versions/A/Frameworks/Help.framework/Versions/A/Help
0x00000000539ce000 	/System/Library/Frameworks/Carbon.framework/Versions/A/Frameworks/ImageCapture.framework/Versions/A/ImageCapture
0x00000000539ce000 	/System/Library/Frameworks/Carbon.framework/Versions/A/Frameworks/OpenScripting.framework/Versions/A/OpenScripting
0x00000000539ce000 	/System/Library/Frameworks/Carbon.framework/Versions/A/Frameworks/Print.framework/Versions/A/Print
0x00000000539ce000 	/System/Library/Frameworks/Carbon.framework/Versions/A/Frameworks/SecurityHI.framework/Versions/A/SecurityHI
0x000000010df68000 	/Library/Java/JavaVirtualMachines/jdk1.8.0_45.jdk/Contents/Home/jre/lib/libdt_socket.dylib

VM Arguments:
jvm_args: -agentlib:jdwp=transport=dt_socket,address=127.0.0.1:51157,suspend=y,server=n -Dfile.encoding=UTF-8 
java_command: com.TrappingRainWater
java_class_path (initial): /Library/Java/JavaVirtualMachines/jdk1.8.0_45.jdk/Contents/Home/jre/lib/charsets.jar:/Library/Java/JavaVirtualMachines/jdk1.8.0_45.jdk/Contents/Home/jre/lib/deploy.jar:/Library/Java/JavaVirtualMachines/jdk1.8.0_45.jdk/Contents/Home/jre/lib/ext/cldrdata.jar:/Library/Java/JavaVirtualMachines/jdk1.8.0_45.jdk/Contents/Home/jre/lib/ext/dnsns.jar:/Library/Java/JavaVirtualMachines/jdk1.8.0_45.jdk/Contents/Home/jre/lib/ext/jfxrt.jar:/Library/Java/JavaVirtualMachines/jdk1.8.0_45.jdk/Contents/Home/jre/lib/ext/localedata.jar:/Library/Java/JavaVirtualMachines/jdk1.8.0_45.jdk/Contents/Home/jre/lib/ext/nashorn.jar:/Library/Java/JavaVirtualMachines/jdk1.8.0_45.jdk/Contents/Home/jre/lib/ext/sunec.jar:/Library/Java/JavaVirtualMachines/jdk1.8.0_45.jdk/Contents/Home/jre/lib/ext/sunjce_provider.jar:/Library/Java/JavaVirtualMachines/jdk1.8.0_45.jdk/Contents/Home/jre/lib/ext/sunpkcs11.jar:/Library/Java/JavaVirtualMachines/jdk1.8.0_45.jdk/Contents/Home/jre/lib/ext/zipfs.jar:/Library/Java/JavaVirtualMachines/jdk1.8.0_45.jdk/Contents/Home/jre/lib/javaws.jar:/Library/Java/JavaVirtualMachines/jdk1.8.0_45.jdk/Contents/Home/jre/lib/jce.jar:/Library/Java/JavaVirtualMachines/jdk1.8.0_45.jdk/Contents/Home/jre/lib/jfr.jar:/Library/Java/JavaVirtualMachines/jdk1.8.0_45.jdk/Contents/Home/jre/lib/jfxswt.jar:/Library/Java/JavaVirtualMachines/jdk1.8.0_45.jdk/Contents/Home/jre/lib/jsse.jar:/Library/Java/JavaVirtualMachines/jdk1.8.0_45.jdk/Contents/Home/jre/lib/management-agent.jar:/Library/Java/JavaVirtualMachines/jdk1.8.0_45.jdk/Contents/Home/jre/lib/plugin.jar:/Library/Java/JavaVirtualMachines/jdk1.8.0_45.jdk/Contents/Home/jre/lib/resources.jar:/Library/Java/JavaVirtualMachines/jdk1.8.0_45.jdk/Contents/Home/jre/lib/rt.jar:/Library/Java/JavaVirtualMachines/jdk1.8.0_45.jdk/Contents/Home/lib/ant-javafx.jar:/Library/Java/JavaVirtualMachines/jdk1.8.0_45.jdk/Contents/Home/lib/dt.jar:/Library/Java/JavaVirtualMachines/jdk1.8.0_45.jdk/Contents/Home/lib/javafx-mx.jar:/Library/Java/Jav
Launcher Type: SUN_STANDARD

Environment Variables:
PATH=/Library/Frameworks/Python.framework/Versions/3.5/bin:/Library/Frameworks/Python.framework/Versions/3.5/bin:/usr/local/bin:/usr/bin:/bin:/usr/sbin:/sbin:/usr/local/git/bin:/Applications/Sublime Text 2.app/Contents/SharedSupport/bin
SHELL=/bin/bash

Signal Handlers:
SIGSEGV: [libjvm.dylib+0x58ef95], sa_mask[0]=11111111011111110111111111111111, sa_flags=SA_ONSTACK|SA_RESTART|SA_SIGINFO
SIGBUS: [libjvm.dylib+0x58ef95], sa_mask[0]=11111111011111110111111111111111, sa_flags=SA_RESTART|SA_SIGINFO
SIGFPE: [libjvm.dylib+0x46c108], sa_mask[0]=11111111011111110111111111111111, sa_flags=SA_RESTART|SA_SIGINFO
SIGPIPE: [libjvm.dylib+0x46c108], sa_mask[0]=11111111011111110111111111111111, sa_flags=SA_RESTART|SA_SIGINFO
SIGXFSZ: [libjvm.dylib+0x46c108], sa_mask[0]=11111111011111110111111111111111, sa_flags=SA_RESTART|SA_SIGINFO
SIGILL: [libjvm.dylib+0x46c108], sa_mask[0]=11111111011111110111111111111111, sa_flags=SA_RESTART|SA_SIGINFO
SIGUSR1: SIG_DFL, sa_mask[0]=00000000000000000000000000000000, sa_flags=none
SIGUSR2: [libjvm.dylib+0x46bc26], sa_mask[0]=00100000000000000000000000000000, sa_flags=SA_RESTART|SA_SIGINFO
SIGHUP: [libjvm.dylib+0x46a1f9], sa_mask[0]=11111111011111110111111111111111, sa_flags=SA_RESTART|SA_SIGINFO
SIGINT: [libjvm.dylib+0x46a1f9], sa_mask[0]=11111111011111110111111111111111, sa_flags=SA_RESTART|SA_SIGINFO
SIGTERM: [libjvm.dylib+0x46a1f9], sa_mask[0]=11111111011111110111111111111111, sa_flags=SA_RESTART|SA_SIGINFO
SIGQUIT: [libjvm.dylib+0x46a1f9], sa_mask[0]=11111111011111110111111111111111, sa_flags=SA_RESTART|SA_SIGINFO


---------------  S Y S T E M  ---------------

OS:Bsduname:Darwin 16.4.0 Darwin Kernel Version 16.4.0: Thu Dec 22 22:53:21 PST 2016; root:xnu-3789.41.3~3/RELEASE_X86_64 x86_64
rlimit: STACK 8192k, CORE 0k, NPROC 709, NOFILE 10240, AS infinity
load average:2.72 1.99 1.93

CPU:total 4 (2 cores per cpu, 2 threads per core) family 6 model 61 stepping 4, cmov, cx8, fxsr, mmx, sse, sse2, sse3, ssse3, sse4.1, sse4.2, popcnt, avx, avx2, aes, clmul, erms, 3dnowpref, lzcnt, ht, tsc, tscinvbit, bmi1, bmi2, adx

Memory: 4k page, physical 8388608k(153040k free)

/proc/meminfo:


vm_info: Java HotSpot(TM) 64-Bit Server VM (25.45-b02) for bsd-amd64 JRE (1.8.0_45-b14), built on Apr 10 2015 10:46:38 by "java_re" with gcc 4.2.1 (Based on Apple Inc. build 5658) (LLVM build 2336.11.00)

time: Sat Feb 11 17:47:47 2017
elapsed time: 4549 seconds (0d 1h 15m 49s)

