#
# A fatal error has been detected by the Java Runtime Environment:
#
#  SIGSEGV (0xb) at pc=0x0000000107e32d10, pid=14133, tid=17155
#
# JRE version: Java(TM) SE Runtime Environment (8.0_45-b14) (build 1.8.0_45-b14)
# Java VM: Java HotSpot(TM) 64-Bit Server VM (25.45-b02 mixed mode bsd-amd64 compressed oops)
# Problematic frame:
# V  [libjvm.dylib+0x432d10]
#
# Failed to write core dump. Core dumps have been disabled. To enable core dumping, try "ulimit -c unlimited" before starting Java again
#
# If you would like to submit a bug report, please visit:
#   http://bugreport.java.com/bugreport/crash.jsp
#

---------------  T H R E A D  ---------------

Current thread (0x00007fd6c3033000):  JavaThread "JDWP Transport Listener: dt_socket" daemon [_thread_in_vm, id=17155, stack(0x000070000d5bf000,0x000070000d6bf000)]

siginfo: si_signo: 11 (SIGSEGV), si_code: 0 (unknown), si_addr: 0x0000000000000000

Registers:
RAX=0x0000000000000001, RBX=0x000070000d6bea8b, RCX=0x00000001081fa190, RDX=0x000070000d6bea8b
RSP=0x000070000d6be9d0, RBP=0x000070000d6be9e0, RSI=0x00007fd6c3033000, RDI=0x7075446574650003
R8 =0x0000000000000000, R9 =0x00007fd6c2518520, R10=0x0000000000000001, R11=0x0000000000000001
R12=0x00007fd6c3033000, R13=0x7075446574650003, R14=0x7075446574650003, R15=0x00007fd6c2600fa0
RIP=0x0000000107e32d10, EFLAGS=0x0000000000010206, ERR=0x0000000000000000
  TRAPNO=0x000000000000000d

Top of Stack: (sp=0x000070000d6be9d0)
0x000070000d6be9d0:   000070000d6bea8b 000070000d6bea8b
0x000070000d6be9e0:   000070000d6bea40 0000000107d430d6
0x000070000d6be9f0:   00007fd6c3033000 0000000000000000
0x000070000d6bea00:   0000000000000000 0000000000000000
0x000070000d6bea10:   00007fd6c3033000 00007fd6c3033000
0x000070000d6bea20:   000070000d6bea8b 000070000d6bea90
0x000070000d6bea30:   7075446574650003 0000000000000002
0x000070000d6bea40:   000070000d6bea60 0000000107101780
0x000070000d6bea50:   0000000000000001 000070000d6beb08
0x000070000d6bea60:   000070000d6bead0 00000001070e61f3
0x000070000d6bea70:   000070000d6beaa0 00007fd6c2518500
0x000070000d6bea80:   0000000400000032 00000009006beb08
0x000070000d6bea90:   0000000000000000 0000000000000000
0x000070000d6beaa0:   0000000000000000 000070000d6bec90
0x000070000d6beab0:   0000000107108e7a 00007fd6c2517890
0x000070000d6beac0:   000070000d6beb08 0000000107114598
0x000070000d6bead0:   000070000d6beae0 00000001070e62ec
0x000070000d6beae0:   000070000d6bed00 00000001070ef898
0x000070000d6beaf0:   0000078400000013 00000000000f0200
0x000070000d6beb00:   00007fd6c2517bd0 000070000d6bebaf
0x000070000d6beb10:   00007fd6000000d5 000070000d6beb20
0x000070000d6beb20:   00007fd600000057 000070000d6beb58
0x000070000d6beb30:   0000000000000000 0000000000000000
0x000070000d6beb40:   000007840000000f 00007fd60000f480
0x000070000d6beb50:   000070000d6beb58 d67f000004000000
0x000070000d6beb60:   06000000c0cf43c2 00003e74696e693c
0x000070000d6beb70:   0000005629280300 7f00000100000000
0x000070000d6beb80:   000000c8cf43c2d6 0000006e69616d04
0x000070000d6beb90:   6176616a4c5b2816 74532f676e616c2f
0x000070000d6beba0:   0056293b676e6972 1909000000000000
0x000070000d6bebb0:   000000001b000000 1c0000001f000000
0x000070000d6bebc0:   3200000000000000 000000001d000000 

Instructions: (pc=0x0000000107e32d10)
0x0000000107e32cf0:   40 48 48 85 c0 75 e0 30 c0 0f b6 c0 5d c3 31 c0
0x0000000107e32d00:   5d c3 55 48 89 e5 53 48 83 ec 08 48 85 ff 74 24
0x0000000107e32d10:   48 8b 1f 48 85 db 74 1c 48 83 fb 37 74 16 48 8b
0x0000000107e32d20:   03 48 89 df ff 50 10 84 c0 b8 00 00 00 00 48 0f 

Register to memory mapping:

RAX=0x0000000000000001 is an unknown value
RBX=0x000070000d6bea8b is pointing into the stack for thread: 0x00007fd6c3033000
RCX=0x00000001081fa190: UseMembar+0 in /Library/Java/JavaVirtualMachines/jdk1.8.0_45.jdk/Contents/Home/jre/lib/server/libjvm.dylib at 0x0000000107a00000
RDX=0x000070000d6bea8b is pointing into the stack for thread: 0x00007fd6c3033000
RSP=0x000070000d6be9d0 is pointing into the stack for thread: 0x00007fd6c3033000
RBP=0x000070000d6be9e0 is pointing into the stack for thread: 0x00007fd6c3033000
RSI=0x00007fd6c3033000 is a thread
RDI=0x7075446574650003 is an unknown value
R8 =0x0000000000000000 is an unknown value
R9 =0x00007fd6c2518520 is an unknown value
R10=0x0000000000000001 is an unknown value
R11=0x0000000000000001 is an unknown value
R12=0x00007fd6c3033000 is a thread
R13=0x7075446574650003 is an unknown value
R14=0x7075446574650003 is an unknown value
R15=0x00007fd6c2600fa0 is an unknown value


Stack: [0x000070000d5bf000,0x000070000d6bf000],  sp=0x000070000d6be9d0,  free space=1022k
Native frames: (J=compiled Java code, j=interpreted, Vv=VM code, C=native code)
V  [libjvm.dylib+0x432d10]
V  [libjvm.dylib+0x3430d6]
C  [libjdwp.dylib+0x20780]  isMethodSynthetic+0x63
C  [libjdwp.dylib+0x51f3]  methods1+0x10b
C  [libjdwp.dylib+0x52ec]  methodsWithGeneric+0xe
C  [libjdwp.dylib+0xe898]  debugLoop_run+0x1ce
C  [libjdwp.dylib+0x1f6ba]  attachThread+0x4d
V  [libjvm.dylib+0x38401c]
V  [libjvm.dylib+0x549acf]
V  [libjvm.dylib+0x54b1c0]
V  [libjvm.dylib+0x46ea7e]
C  [libsystem_pthread.dylib+0x3aab]  _pthread_body+0xb4
C  [libsystem_pthread.dylib+0x39f7]  _pthread_body+0x0
C  [libsystem_pthread.dylib+0x3221]  thread_start+0xd
C  0x0000000000000000


---------------  P R O C E S S  ---------------

Java Threads: ( => current thread )
  0x00007fd6c3834000 JavaThread "Service Thread" daemon [_thread_blocked, id=20227, stack(0x000070000dbd1000,0x000070000dcd1000)]
  0x00007fd6c2831800 JavaThread "C1 CompilerThread2" daemon [_thread_blocked, id=19715, stack(0x000070000dace000,0x000070000dbce000)]
  0x00007fd6c401f800 JavaThread "C2 CompilerThread1" daemon [_thread_blocked, id=19203, stack(0x000070000d9cb000,0x000070000dacb000)]
  0x00007fd6c2831000 JavaThread "C2 CompilerThread0" daemon [_thread_blocked, id=18691, stack(0x000070000d8c8000,0x000070000d9c8000)]
  0x00007fd6c3027800 JavaThread "JDWP Command Reader" daemon [_thread_in_native, id=18179, stack(0x000070000d7c5000,0x000070000d8c5000)]
  0x00007fd6c4001800 JavaThread "JDWP Event Helper Thread" daemon [_thread_blocked, id=17667, stack(0x000070000d6c2000,0x000070000d7c2000)]
=>0x00007fd6c3033000 JavaThread "JDWP Transport Listener: dt_socket" daemon [_thread_in_vm, id=17155, stack(0x000070000d5bf000,0x000070000d6bf000)]
  0x00007fd6c3032000 JavaThread "Signal Dispatcher" daemon [_thread_blocked, id=16643, stack(0x000070000d4bc000,0x000070000d5bc000)]
  0x00007fd6c2808800 JavaThread "Finalizer" daemon [_thread_blocked, id=12547, stack(0x000070000d3b9000,0x000070000d4b9000)]
  0x00007fd6c3849000 JavaThread "Reference Handler" daemon [_thread_blocked, id=12035, stack(0x000070000d2b6000,0x000070000d3b6000)]
  0x00007fd6c3003000 JavaThread "main" [_thread_blocked, id=7171, stack(0x000070000cca4000,0x000070000cda4000)]

Other Threads:
  0x00007fd6c301b800 VMThread [stack: 0x000070000d1b3000,0x000070000d2b3000] [id=11523]
  0x00007fd6c283c800 WatcherThread [stack: 0x000070000dcd4000,0x000070000ddd4000] [id=20739]

VM state:not at safepoint (normal execution)

VM Mutex/Monitor currently owned by a thread: None

Heap:
 PSYoungGen      total 38400K, used 3336K [0x0000000795580000, 0x0000000798000000, 0x00000007c0000000)
  eden space 33280K, 10% used [0x0000000795580000,0x00000007958c20e0,0x0000000797600000)
  from space 5120K, 0% used [0x0000000797b00000,0x0000000797b00000,0x0000000798000000)
  to   space 5120K, 0% used [0x0000000797600000,0x0000000797600000,0x0000000797b00000)
 ParOldGen       total 87552K, used 0K [0x0000000740000000, 0x0000000745580000, 0x0000000795580000)
  object space 87552K, 0% used [0x0000000740000000,0x0000000740000000,0x0000000745580000)
 Metaspace       used 2820K, capacity 4494K, committed 4864K, reserved 1056768K
  class space    used 301K, capacity 386K, committed 512K, reserved 1048576K

Card table byte_map: [0x0000000108d29000,0x000000010912a000] byte_map_base: 0x0000000105329000

Marking Bits: (ParMarkBitMap*) 0x00000001082c27a0
 Begin Bits: [0x00000001093d5000, 0x000000010b3d5000)
 End Bits:   [0x000000010b3d5000, 0x000000010d3d5000)

Polling page: 0x00000001070e0000

CodeCache: size=245760Kb used=1161Kb max_used=1168Kb free=244598Kb
 bounds [0x000000010e2a9000, 0x000000010e519000, 0x000000011d2a9000]
 total_blobs=286 nmethods=54 adapters=154
 compilation: enabled

Compilation events (10 events):
Event: 0.277 Thread 0x00007fd6c2831800   50       1       java.lang.Object::<init> (1 bytes)
Event: 0.277 Thread 0x00007fd6c2831800 nmethod 50 0x000000010e3ca110 code [0x000000010e3ca260, 0x000000010e3ca370]
Event: 0.278 Thread 0x00007fd6c2831000   51       4       java.lang.String::hashCode (55 bytes)
Event: 0.281 Thread 0x00007fd6c2831000 nmethod 51 0x000000010e3cd190 code [0x000000010e3cd2e0, 0x000000010e3cd498]
Event: 0.281 Thread 0x00007fd6c2831800   53       3       java.lang.AbstractStringBuilder::expandCapacity (50 bytes)
Event: 0.281 Thread 0x00007fd6c2831800 nmethod 53 0x000000010e3cc810 code [0x000000010e3cc9c0, 0x000000010e3ccf38]
Event: 0.281 Thread 0x00007fd6c2831800   52       1       java.net.URL::getFile (5 bytes)
Event: 0.281 Thread 0x00007fd6c2831800 nmethod 52 0x000000010e3cc550 code [0x000000010e3cc6a0, 0x000000010e3cc7b0]
Event: 0.285 Thread 0x00007fd6c2831800   54       3       java.util.Arrays::copyOf (19 bytes)
Event: 0.286 Thread 0x00007fd6c2831800 nmethod 54 0x000000010e3cbf50 code [0x000000010e3cc0e0, 0x000000010e3cc408]

GC Heap History (0 events):
No events

Deoptimization events (1 events):
Event: 0.286 Thread 0x00007fd6c3003000 Uncommon trap: reason=unstable_if action=reinterpret pc=0x000000010e3cd44c method=java.lang.String.hashCode()I @ 14

Internal exceptions (2 events):
Event: 0.062 Thread 0x00007fd6c3003000 Exception <a 'java/lang/NoSuchMethodError': Method sun.misc.Unsafe.defineClass(Ljava/lang/String;[BII)Ljava/lang/Class; name or signature does not match> (0x0000000795592c10) thrown at [/Users/java_re/workspace/8-2-build-macosx-x86_64/jdk8u45/3457/hotspot
Event: 0.063 Thread 0x00007fd6c3003000 Exception <a 'java/lang/NoSuchMethodError': Method sun.misc.Unsafe.prefetchRead(Ljava/lang/Object;J)V name or signature does not match> (0x0000000795592ea0) thrown at [/Users/java_re/workspace/8-2-build-macosx-x86_64/jdk8u45/3457/hotspot/src/share/vm/prim

Events (10 events):
Event: 453.619 Executing VM operation: ChangeBreakpoints
Event: 453.619 Executing VM operation: ChangeBreakpoints done
Event: 481.611 Executing VM operation: ChangeBreakpoints
Event: 481.612 Executing VM operation: ChangeBreakpoints done
Event: 481.613 Executing VM operation: ChangeBreakpoints
Event: 481.614 Executing VM operation: ChangeBreakpoints done
Event: 557.920 Executing VM operation: ChangeBreakpoints
Event: 557.920 Executing VM operation: ChangeBreakpoints done
Event: 557.923 Executing VM operation: RedefineClasses
Event: 557.926 Executing VM operation: RedefineClasses done


Dynamic libraries:
0x000000001a27b000 	/System/Library/Frameworks/Cocoa.framework/Versions/A/Cocoa
0x000000001a27b000 	/System/Library/Frameworks/Security.framework/Versions/A/Security
0x000000001a27b000 	/System/Library/Frameworks/ApplicationServices.framework/Versions/A/ApplicationServices
0x000000001a27b000 	/usr/lib/libz.1.dylib
0x000000001a27b000 	/usr/lib/libSystem.B.dylib
0x000000001a27b000 	/usr/lib/libobjc.A.dylib
0x000000001a27b000 	/System/Library/Frameworks/CoreFoundation.framework/Versions/A/CoreFoundation
0x000000001a27b000 	/System/Library/Frameworks/Foundation.framework/Versions/C/Foundation
0x000000001a27b000 	/System/Library/Frameworks/AppKit.framework/Versions/C/AppKit
0x000000001a27b000 	/System/Library/Frameworks/CoreData.framework/Versions/A/CoreData
0x000000001a27b000 	/System/Library/PrivateFrameworks/RemoteViewServices.framework/Versions/A/RemoteViewServices
0x000000001a27b000 	/System/Library/PrivateFrameworks/UIFoundation.framework/Versions/A/UIFoundation
0x000000001a27b000 	/usr/lib/libenergytrace.dylib
0x000000001a27b000 	/System/Library/PrivateFrameworks/SkyLight.framework/Versions/A/SkyLight
0x000000001a27b000 	/System/Library/Frameworks/CoreGraphics.framework/Versions/A/CoreGraphics
0x000000001a27b000 	/usr/lib/libScreenReader.dylib
0x000000001a27b000 	/System/Library/Frameworks/Accelerate.framework/Versions/A/Accelerate
0x000000001a27b000 	/System/Library/Frameworks/IOSurface.framework/Versions/A/IOSurface
0x000000001a27b000 	/System/Library/Frameworks/AudioToolbox.framework/Versions/A/AudioToolbox
0x000000001a27b000 	/System/Library/Frameworks/AudioUnit.framework/Versions/A/AudioUnit
0x000000001a27b000 	/System/Library/PrivateFrameworks/DataDetectorsCore.framework/Versions/A/DataDetectorsCore
0x000000001a27b000 	/System/Library/PrivateFrameworks/DesktopServicesPriv.framework/Versions/A/DesktopServicesPriv
0x000000001a27b000 	/System/Library/Frameworks/Carbon.framework/Versions/A/Frameworks/HIToolbox.framework/Versions/A/HIToolbox
0x000000001a27b000 	/usr/lib/libicucore.A.dylib
0x000000001a27b000 	/System/Library/Frameworks/QuartzCore.framework/Versions/A/QuartzCore
0x000000001a27b000 	/System/Library/Frameworks/Carbon.framework/Versions/A/Frameworks/SpeechRecognition.framework/Versions/A/SpeechRecognition
0x000000001a27b000 	/usr/lib/libauto.dylib
0x000000001a27b000 	/usr/lib/libxml2.2.dylib
0x000000001a27b000 	/System/Library/PrivateFrameworks/CoreUI.framework/Versions/A/CoreUI
0x000000001a27b000 	/System/Library/Frameworks/CoreAudio.framework/Versions/A/CoreAudio
0x000000001a27b000 	/System/Library/Frameworks/DiskArbitration.framework/Versions/A/DiskArbitration
0x000000001a27b000 	/usr/lib/liblangid.dylib
0x000000001a27b000 	/System/Library/PrivateFrameworks/MultitouchSupport.framework/Versions/A/MultitouchSupport
0x000000001a27b000 	/System/Library/Frameworks/IOKit.framework/Versions/A/IOKit
0x000000001a27b000 	/usr/lib/libDiagnosticMessagesClient.dylib
0x000000001a27b000 	/System/Library/Frameworks/CoreServices.framework/Versions/A/CoreServices
0x000000001a27b000 	/System/Library/PrivateFrameworks/PerformanceAnalysis.framework/Versions/A/PerformanceAnalysis
0x000000001a27b000 	/System/Library/PrivateFrameworks/GenerationalStorage.framework/Versions/A/GenerationalStorage
0x000000001a27b000 	/System/Library/Frameworks/OpenGL.framework/Versions/A/OpenGL
0x000000001a27b000 	/System/Library/Frameworks/CoreImage.framework/Versions/A/CoreImage
0x000000001a27b000 	/System/Library/Frameworks/CoreText.framework/Versions/A/CoreText
0x000000001a27b000 	/System/Library/Frameworks/ImageIO.framework/Versions/A/ImageIO
0x000000001a27b000 	/System/Library/PrivateFrameworks/Backup.framework/Versions/A/Backup
0x000000001a27b000 	/usr/lib/libarchive.2.dylib
0x000000001a27b000 	/System/Library/Frameworks/CFNetwork.framework/Versions/A/CFNetwork
0x000000001a27b000 	/System/Library/Frameworks/SystemConfiguration.framework/Versions/A/SystemConfiguration
0x000000001a27b000 	/usr/lib/libCRFSuite.dylib
0x000000001a27b000 	/usr/lib/libc++.1.dylib
0x000000001a27b000 	/usr/lib/libc++abi.dylib
0x000000001a27b000 	/usr/lib/system/libcache.dylib
0x000000001a27b000 	/usr/lib/system/libcommonCrypto.dylib
0x000000001a27b000 	/usr/lib/system/libcompiler_rt.dylib
0x000000001a27b000 	/usr/lib/system/libcopyfile.dylib
0x000000001a27b000 	/usr/lib/system/libcorecrypto.dylib
0x000000001a27b000 	/usr/lib/system/libdispatch.dylib
0x000000001a27b000 	/usr/lib/system/libdyld.dylib
0x000000001a27b000 	/usr/lib/system/libkeymgr.dylib
0x000000001a27b000 	/usr/lib/system/liblaunch.dylib
0x000000001a27b000 	/usr/lib/system/libmacho.dylib
0x000000001a27b000 	/usr/lib/system/libquarantine.dylib
0x000000001a27b000 	/usr/lib/system/libremovefile.dylib
0x000000001a27b000 	/usr/lib/system/libsystem_asl.dylib
0x000000001a27b000 	/usr/lib/system/libsystem_blocks.dylib
0x000000001a27b000 	/usr/lib/system/libsystem_c.dylib
0x000000001a27b000 	/usr/lib/system/libsystem_configuration.dylib
0x000000001a27b000 	/usr/lib/system/libsystem_coreservices.dylib
0x000000001a27b000 	/usr/lib/system/libsystem_coretls.dylib
0x000000001a27b000 	/usr/lib/system/libsystem_dnssd.dylib
0x000000001a27b000 	/usr/lib/system/libsystem_info.dylib
0x000000001a27b000 	/usr/lib/system/libsystem_kernel.dylib
0x000000001a27b000 	/usr/lib/system/libsystem_m.dylib
0x000000001a27b000 	/usr/lib/system/libsystem_malloc.dylib
0x000000001a27b000 	/usr/lib/system/libsystem_network.dylib
0x000000001a27b000 	/usr/lib/system/libsystem_networkextension.dylib
0x000000001a27b000 	/usr/lib/system/libsystem_notify.dylib
0x000000001a27b000 	/usr/lib/system/libsystem_platform.dylib
0x000000001a27b000 	/usr/lib/system/libsystem_pthread.dylib
0x000000001a27b000 	/usr/lib/system/libsystem_sandbox.dylib
0x000000001a27b000 	/usr/lib/system/libsystem_secinit.dylib
0x000000001a27b000 	/usr/lib/system/libsystem_symptoms.dylib
0x000000001a27b000 	/usr/lib/system/libsystem_trace.dylib
0x000000001a27b000 	/usr/lib/system/libunwind.dylib
0x000000001a27b000 	/usr/lib/system/libxpc.dylib
0x000000001a27b000 	/usr/lib/libbsm.0.dylib
0x000000001a27b000 	/usr/lib/system/libkxld.dylib
0x000000001a27b000 	/usr/lib/libcoretls.dylib
0x000000001a27b000 	/usr/lib/libcoretls_cfhelpers.dylib
0x000000001a27b000 	/usr/lib/libxar.1.dylib
0x000000001a27b000 	/usr/lib/libsqlite3.dylib
0x000000001a27b000 	/usr/lib/libpam.2.dylib
0x000000001a27b000 	/usr/lib/libOpenScriptingUtil.dylib
0x000000001a27b000 	/usr/lib/libbz2.1.0.dylib
0x000000001a27b000 	/usr/lib/liblzma.5.dylib
0x000000001a27b000 	/usr/lib/libnetwork.dylib
0x000000001a27b000 	/usr/lib/libpcap.A.dylib
0x000000001a27b000 	/System/Library/Frameworks/CoreServices.framework/Versions/A/Frameworks/FSEvents.framework/Versions/A/FSEvents
0x000000001a27b000 	/System/Library/Frameworks/CoreServices.framework/Versions/A/Frameworks/CarbonCore.framework/Versions/A/CarbonCore
0x000000001a27b000 	/System/Library/Frameworks/CoreServices.framework/Versions/A/Frameworks/Metadata.framework/Versions/A/Metadata
0x000000001a27b000 	/System/Library/Frameworks/CoreServices.framework/Versions/A/Frameworks/OSServices.framework/Versions/A/OSServices
0x000000001a27b000 	/System/Library/Frameworks/CoreServices.framework/Versions/A/Frameworks/SearchKit.framework/Versions/A/SearchKit
0x000000001a27b000 	/System/Library/Frameworks/CoreServices.framework/Versions/A/Frameworks/AE.framework/Versions/A/AE
0x000000001a27b000 	/System/Library/Frameworks/CoreServices.framework/Versions/A/Frameworks/LaunchServices.framework/Versions/A/LaunchServices
0x000000001a27b000 	/System/Library/Frameworks/CoreServices.framework/Versions/A/Frameworks/DictionaryServices.framework/Versions/A/DictionaryServices
0x000000001a27b000 	/System/Library/Frameworks/CoreServices.framework/Versions/A/Frameworks/SharedFileList.framework/Versions/A/SharedFileList
0x000000001a27b000 	/System/Library/Frameworks/NetFS.framework/Versions/A/NetFS
0x000000001a27b000 	/System/Library/PrivateFrameworks/NetAuth.framework/Versions/A/NetAuth
0x000000001a27b000 	/System/Library/PrivateFrameworks/login.framework/Versions/A/Frameworks/loginsupport.framework/Versions/A/loginsupport
0x000000001a27b000 	/System/Library/PrivateFrameworks/TCC.framework/Versions/A/TCC
0x000000001a27b000 	/usr/lib/libmecabra.dylib
0x000000001a27b000 	/System/Library/Frameworks/ApplicationServices.framework/Versions/A/Frameworks/ATS.framework/Versions/A/ATS
0x000000001a27b000 	/System/Library/Frameworks/ApplicationServices.framework/Versions/A/Frameworks/ColorSync.framework/Versions/A/ColorSync
0x000000001a27b000 	/System/Library/Frameworks/ApplicationServices.framework/Versions/A/Frameworks/HIServices.framework/Versions/A/HIServices
0x000000001a27b000 	/System/Library/Frameworks/ApplicationServices.framework/Versions/A/Frameworks/LangAnalysis.framework/Versions/A/LangAnalysis
0x000000001a27b000 	/System/Library/Frameworks/ApplicationServices.framework/Versions/A/Frameworks/PrintCore.framework/Versions/A/PrintCore
0x000000001a27b000 	/System/Library/Frameworks/ApplicationServices.framework/Versions/A/Frameworks/QD.framework/Versions/A/QD
0x000000001a27b000 	/System/Library/Frameworks/ApplicationServices.framework/Versions/A/Frameworks/SpeechSynthesis.framework/Versions/A/SpeechSynthesis
0x000000001a27b000 	/System/Library/Frameworks/Accelerate.framework/Versions/A/Frameworks/vImage.framework/Versions/A/vImage
0x000000001a27b000 	/System/Library/Frameworks/Accelerate.framework/Versions/A/Frameworks/vecLib.framework/Versions/A/vecLib
0x000000001a27b000 	/System/Library/Frameworks/Accelerate.framework/Versions/A/Frameworks/vecLib.framework/Versions/A/libvDSP.dylib
0x000000001a27b000 	/System/Library/Frameworks/Accelerate.framework/Versions/A/Frameworks/vecLib.framework/Versions/A/libBNNS.dylib
0x000000001a27b000 	/System/Library/Frameworks/Accelerate.framework/Versions/A/Frameworks/vecLib.framework/Versions/A/libQuadrature.dylib
0x000000001a27b000 	/System/Library/Frameworks/Accelerate.framework/Versions/A/Frameworks/vecLib.framework/Versions/A/libvMisc.dylib
0x000000001a27b000 	/System/Library/Frameworks/Accelerate.framework/Versions/A/Frameworks/vecLib.framework/Versions/A/libLAPACK.dylib
0x000000001a27b000 	/System/Library/Frameworks/Accelerate.framework/Versions/A/Frameworks/vecLib.framework/Versions/A/libBLAS.dylib
0x000000001a27b000 	/System/Library/Frameworks/Accelerate.framework/Versions/A/Frameworks/vecLib.framework/Versions/A/libLinearAlgebra.dylib
0x000000001a27b000 	/System/Library/Frameworks/Accelerate.framework/Versions/A/Frameworks/vecLib.framework/Versions/A/libSparseBLAS.dylib
0x000000001a27b000 	/System/Library/Frameworks/ApplicationServices.framework/Versions/A/Frameworks/ATS.framework/Versions/A/Resources/libFontParser.dylib
0x000000001a27b000 	/System/Library/Frameworks/ApplicationServices.framework/Versions/A/Frameworks/ATS.framework/Versions/A/Resources/libFontRegistry.dylib
0x000000001a27b000 	/System/Library/Frameworks/ImageIO.framework/Versions/A/Resources/libJPEG.dylib
0x000000001a27b000 	/System/Library/Frameworks/ImageIO.framework/Versions/A/Resources/libTIFF.dylib
0x000000001a27b000 	/System/Library/Frameworks/ImageIO.framework/Versions/A/Resources/libPng.dylib
0x000000001a27b000 	/System/Library/Frameworks/ImageIO.framework/Versions/A/Resources/libGIF.dylib
0x000000001a27b000 	/System/Library/Frameworks/ImageIO.framework/Versions/A/Resources/libJP2.dylib
0x000000001a27b000 	/System/Library/Frameworks/ImageIO.framework/Versions/A/Resources/libRadiance.dylib
0x000000001a27b000 	/usr/lib/libcompression.dylib
0x000000001a27b000 	/System/Library/PrivateFrameworks/AppleJPEG.framework/Versions/A/AppleJPEG
0x000000001a27b000 	/usr/lib/libcups.2.dylib
0x000000001a27b000 	/System/Library/Frameworks/Kerberos.framework/Versions/A/Kerberos
0x000000001a27b000 	/System/Library/Frameworks/GSS.framework/Versions/A/GSS
0x000000001a27b000 	/usr/lib/libresolv.9.dylib
0x000000001a27b000 	/usr/lib/libiconv.2.dylib
0x000000001a27b000 	/System/Library/PrivateFrameworks/Heimdal.framework/Versions/A/Heimdal
0x000000001a27b000 	/usr/lib/libheimdal-asn1.dylib
0x000000001a27b000 	/System/Library/Frameworks/OpenDirectory.framework/Versions/A/OpenDirectory
0x000000001a27b000 	/System/Library/PrivateFrameworks/CommonAuth.framework/Versions/A/CommonAuth
0x000000001a27b000 	/System/Library/Frameworks/OpenDirectory.framework/Versions/A/Frameworks/CFOpenDirectory.framework/Versions/A/CFOpenDirectory
0x000000001a27b000 	/System/Library/Frameworks/SecurityFoundation.framework/Versions/A/SecurityFoundation
0x000000001a27b000 	/System/Library/PrivateFrameworks/LanguageModeling.framework/Versions/A/LanguageModeling
0x000000001a27b000 	/usr/lib/libmarisa.dylib
0x000000001a27b000 	/usr/lib/libChineseTokenizer.dylib
0x000000001a27b000 	/usr/lib/libcmph.dylib
0x000000001a27b000 	/System/Library/PrivateFrameworks/CoreEmoji.framework/Versions/A/CoreEmoji
0x000000001a27b000 	/System/Library/Frameworks/ServiceManagement.framework/Versions/A/ServiceManagement
0x000000001a27b000 	/usr/lib/libxslt.1.dylib
0x000000001a27b000 	/System/Library/Frameworks/Carbon.framework/Versions/A/Frameworks/Ink.framework/Versions/A/Ink
0x000000001a27b000 	/System/Library/PrivateFrameworks/TextureIO.framework/Versions/A/TextureIO
0x000000001a27b000 	/System/Library/Frameworks/Metal.framework/Versions/A/Metal
0x000000001a27b000 	/usr/lib/libate.dylib
0x000000001a27b000 	/System/Library/PrivateFrameworks/GPUCompiler.framework/libmetal_timestamp.dylib
0x000000001a27b000 	/System/Library/Frameworks/OpenGL.framework/Versions/A/Libraries/libCoreFSCache.dylib
0x000000001a27b000 	/System/Library/PrivateFrameworks/IOAccelerator.framework/Versions/A/IOAccelerator
0x000000001a27b000 	/System/Library/Frameworks/CoreVideo.framework/Versions/A/CoreVideo
0x000000001a27b000 	/usr/lib/libFosl_dynamic.dylib
0x000000001a27b000 	/System/Library/PrivateFrameworks/MetalPerformanceShaders.framework/Versions/A/MetalPerformanceShaders
0x000000001a27b000 	/System/Library/PrivateFrameworks/FaceCore.framework/Versions/A/FaceCore
0x000000001a27b000 	/System/Library/Frameworks/OpenCL.framework/Versions/A/OpenCL
0x000000001a27b000 	/System/Library/Frameworks/OpenGL.framework/Versions/A/Libraries/libGLU.dylib
0x000000001a27b000 	/System/Library/Frameworks/OpenGL.framework/Versions/A/Libraries/libGFXShared.dylib
0x000000001a27b000 	/System/Library/Frameworks/OpenGL.framework/Versions/A/Libraries/libGL.dylib
0x000000001a27b000 	/System/Library/Frameworks/OpenGL.framework/Versions/A/Libraries/libGLImage.dylib
0x000000001a27b000 	/System/Library/Frameworks/OpenGL.framework/Versions/A/Libraries/libCVMSPluginSupport.dylib
0x000000001a27b000 	/System/Library/Frameworks/OpenGL.framework/Versions/A/Libraries/libCoreVMClient.dylib
0x000000001a27b000 	/System/Library/PrivateFrameworks/CrashReporterSupport.framework/Versions/A/CrashReporterSupport
0x000000001a27b000 	/System/Library/PrivateFrameworks/Sharing.framework/Versions/A/Sharing
0x000000001a27b000 	/System/Library/PrivateFrameworks/IconServices.framework/Versions/A/IconServices
0x000000001a27b000 	/System/Library/PrivateFrameworks/ProtocolBuffer.framework/Versions/A/ProtocolBuffer
0x000000001a27b000 	/System/Library/PrivateFrameworks/Apple80211.framework/Versions/A/Apple80211
0x000000001a27b000 	/System/Library/Frameworks/CoreWLAN.framework/Versions/A/CoreWLAN
0x000000001a27b000 	/System/Library/PrivateFrameworks/CoreUtils.framework/Versions/A/CoreUtils
0x000000001a27b000 	/System/Library/Frameworks/IOBluetooth.framework/Versions/A/IOBluetooth
0x000000001a27b000 	/System/Library/PrivateFrameworks/CoreWiFi.framework/Versions/A/CoreWiFi
0x000000001a27b000 	/System/Library/Frameworks/CoreBluetooth.framework/Versions/A/CoreBluetooth
0x000000001a27b000 	/System/Library/Frameworks/CoreDisplay.framework/Versions/A/CoreDisplay
0x000000001a27b000 	/System/Library/PrivateFrameworks/IOPresentment.framework/Versions/A/IOPresentment
0x000000001a27b000 	/System/Library/PrivateFrameworks/DebugSymbols.framework/Versions/A/DebugSymbols
0x000000001a27b000 	/System/Library/PrivateFrameworks/CoreSymbolication.framework/Versions/A/CoreSymbolication
0x000000001a27b000 	/System/Library/PrivateFrameworks/Symbolication.framework/Versions/A/Symbolication
0x000000001a27b000 	/System/Library/PrivateFrameworks/AppleFSCompression.framework/Versions/A/AppleFSCompression
0x000000001a27b000 	/System/Library/PrivateFrameworks/SpeechRecognitionCore.framework/Versions/A/SpeechRecognitionCore
0x000000001a27b000 	/System/Library/PrivateFrameworks/ChunkingLibrary.framework/Versions/A/ChunkingLibrary
0x0000000107a00000 	/Library/Java/JavaVirtualMachines/jdk1.8.0_45.jdk/Contents/Home/jre/lib/server/libjvm.dylib
0x000000001a27b000 	/usr/lib/libstdc++.6.dylib
0x000000010709d000 	/Library/Java/JavaVirtualMachines/jdk1.8.0_45.jdk/Contents/Home/jre/lib/libverify.dylib
0x00000001070ab000 	/Library/Java/JavaVirtualMachines/jdk1.8.0_45.jdk/Contents/Home/jre/lib/libjava.dylib
0x00000001070e1000 	/Library/Java/JavaVirtualMachines/jdk1.8.0_45.jdk/Contents/Home/jre/lib/libjdwp.dylib
0x000000010712c000 	/Library/Java/JavaVirtualMachines/jdk1.8.0_45.jdk/Contents/Home/jre/lib/libnpt.dylib
0x0000000107139000 	/Library/Java/JavaVirtualMachines/jdk1.8.0_45.jdk/Contents/Home/jre/lib/libzip.dylib
0x000000011e2ad000 	/System/Library/Frameworks/JavaVM.framework/Frameworks/JavaRuntimeSupport.framework/JavaRuntimeSupport
0x000000011e2c7000 	/System/Library/Frameworks/JavaVM.framework/Versions/A/Frameworks/JavaNativeFoundation.framework/Versions/A/JavaNativeFoundation
0x00000001071ee000 	/System/Library/Frameworks/JavaVM.framework/Versions/A/JavaVM
0x000000001a27b000 	/System/Library/Frameworks/Carbon.framework/Versions/A/Carbon
0x000000011e2dc000 	/System/Library/PrivateFrameworks/JavaLaunching.framework/Versions/A/JavaLaunching
0x000000001a27b000 	/System/Library/Frameworks/Carbon.framework/Versions/A/Frameworks/CommonPanels.framework/Versions/A/CommonPanels
0x000000001a27b000 	/System/Library/Frameworks/Carbon.framework/Versions/A/Frameworks/Help.framework/Versions/A/Help
0x000000001a27b000 	/System/Library/Frameworks/Carbon.framework/Versions/A/Frameworks/ImageCapture.framework/Versions/A/ImageCapture
0x000000001a27b000 	/System/Library/Frameworks/Carbon.framework/Versions/A/Frameworks/OpenScripting.framework/Versions/A/OpenScripting
0x000000001a27b000 	/System/Library/Frameworks/Carbon.framework/Versions/A/Frameworks/Print.framework/Versions/A/Print
0x000000001a27b000 	/System/Library/Frameworks/Carbon.framework/Versions/A/Frameworks/SecurityHI.framework/Versions/A/SecurityHI
0x000000011fbe2000 	/Library/Java/JavaVirtualMachines/jdk1.8.0_45.jdk/Contents/Home/jre/lib/libdt_socket.dylib

VM Arguments:
jvm_args: -agentlib:jdwp=transport=dt_socket,address=127.0.0.1:55242,suspend=y,server=n -Dfile.encoding=UTF-8 
java_command: com.QuickSort
java_class_path (initial): /Library/Java/JavaVirtualMachines/jdk1.8.0_45.jdk/Contents/Home/jre/lib/charsets.jar:/Library/Java/JavaVirtualMachines/jdk1.8.0_45.jdk/Contents/Home/jre/lib/deploy.jar:/Library/Java/JavaVirtualMachines/jdk1.8.0_45.jdk/Contents/Home/jre/lib/ext/cldrdata.jar:/Library/Java/JavaVirtualMachines/jdk1.8.0_45.jdk/Contents/Home/jre/lib/ext/dnsns.jar:/Library/Java/JavaVirtualMachines/jdk1.8.0_45.jdk/Contents/Home/jre/lib/ext/jfxrt.jar:/Library/Java/JavaVirtualMachines/jdk1.8.0_45.jdk/Contents/Home/jre/lib/ext/localedata.jar:/Library/Java/JavaVirtualMachines/jdk1.8.0_45.jdk/Contents/Home/jre/lib/ext/nashorn.jar:/Library/Java/JavaVirtualMachines/jdk1.8.0_45.jdk/Contents/Home/jre/lib/ext/sunec.jar:/Library/Java/JavaVirtualMachines/jdk1.8.0_45.jdk/Contents/Home/jre/lib/ext/sunjce_provider.jar:/Library/Java/JavaVirtualMachines/jdk1.8.0_45.jdk/Contents/Home/jre/lib/ext/sunpkcs11.jar:/Library/Java/JavaVirtualMachines/jdk1.8.0_45.jdk/Contents/Home/jre/lib/ext/zipfs.jar:/Library/Java/JavaVirtualMachines/jdk1.8.0_45.jdk/Contents/Home/jre/lib/javaws.jar:/Library/Java/JavaVirtualMachines/jdk1.8.0_45.jdk/Contents/Home/jre/lib/jce.jar:/Library/Java/JavaVirtualMachines/jdk1.8.0_45.jdk/Contents/Home/jre/lib/jfr.jar:/Library/Java/JavaVirtualMachines/jdk1.8.0_45.jdk/Contents/Home/jre/lib/jfxswt.jar:/Library/Java/JavaVirtualMachines/jdk1.8.0_45.jdk/Contents/Home/jre/lib/jsse.jar:/Library/Java/JavaVirtualMachines/jdk1.8.0_45.jdk/Contents/Home/jre/lib/management-agent.jar:/Library/Java/JavaVirtualMachines/jdk1.8.0_45.jdk/Contents/Home/jre/lib/plugin.jar:/Library/Java/JavaVirtualMachines/jdk1.8.0_45.jdk/Contents/Home/jre/lib/resources.jar:/Library/Java/JavaVirtualMachines/jdk1.8.0_45.jdk/Contents/Home/jre/lib/rt.jar:/Library/Java/JavaVirtualMachines/jdk1.8.0_45.jdk/Contents/Home/lib/ant-javafx.jar:/Library/Java/JavaVirtualMachines/jdk1.8.0_45.jdk/Contents/Home/lib/dt.jar:/Library/Java/JavaVirtualMachines/jdk1.8.0_45.jdk/Contents/Home/lib/javafx-mx.jar:/Library/Java/Jav
Launcher Type: SUN_STANDARD

Environment Variables:
PATH=/Library/Frameworks/Python.framework/Versions/3.5/bin:/Library/Frameworks/Python.framework/Versions/3.5/bin:/usr/local/bin:/usr/bin:/bin:/usr/sbin:/sbin:/usr/local/git/bin:/Applications/Sublime Text 2.app/Contents/SharedSupport/bin
SHELL=/bin/bash

Signal Handlers:
SIGSEGV: [libjvm.dylib+0x58ef95], sa_mask[0]=11111111011111110111111111111111, sa_flags=SA_ONSTACK|SA_RESTART|SA_SIGINFO
SIGBUS: [libjvm.dylib+0x58ef95], sa_mask[0]=11111111011111110111111111111111, sa_flags=SA_RESTART|SA_SIGINFO
SIGFPE: [libjvm.dylib+0x46c108], sa_mask[0]=11111111011111110111111111111111, sa_flags=SA_RESTART|SA_SIGINFO
SIGPIPE: [libjvm.dylib+0x46c108], sa_mask[0]=11111111011111110111111111111111, sa_flags=SA_RESTART|SA_SIGINFO
SIGXFSZ: [libjvm.dylib+0x46c108], sa_mask[0]=11111111011111110111111111111111, sa_flags=SA_RESTART|SA_SIGINFO
SIGILL: [libjvm.dylib+0x46c108], sa_mask[0]=11111111011111110111111111111111, sa_flags=SA_RESTART|SA_SIGINFO
SIGUSR1: SIG_DFL, sa_mask[0]=00000000000000000000000000000000, sa_flags=none
SIGUSR2: [libjvm.dylib+0x46bc26], sa_mask[0]=00100000000000000000000000000000, sa_flags=SA_RESTART|SA_SIGINFO
SIGHUP: [libjvm.dylib+0x46a1f9], sa_mask[0]=11111111011111110111111111111111, sa_flags=SA_RESTART|SA_SIGINFO
SIGINT: [libjvm.dylib+0x46a1f9], sa_mask[0]=11111111011111110111111111111111, sa_flags=SA_RESTART|SA_SIGINFO
SIGTERM: [libjvm.dylib+0x46a1f9], sa_mask[0]=11111111011111110111111111111111, sa_flags=SA_RESTART|SA_SIGINFO
SIGQUIT: [libjvm.dylib+0x46a1f9], sa_mask[0]=11111111011111110111111111111111, sa_flags=SA_RESTART|SA_SIGINFO


---------------  S Y S T E M  ---------------

OS:Bsduname:Darwin 16.1.0 Darwin Kernel Version 16.1.0: Thu Oct 13 21:26:57 PDT 2016; root:xnu-3789.21.3~60/RELEASE_X86_64 x86_64
rlimit: STACK 8192k, CORE 0k, NPROC 709, NOFILE 10240, AS infinity
load average:3.16 3.36 3.29

CPU:total 4 (2 cores per cpu, 2 threads per core) family 6 model 61 stepping 4, cmov, cx8, fxsr, mmx, sse, sse2, sse3, ssse3, sse4.1, sse4.2, popcnt, avx, avx2, aes, clmul, erms, 3dnowpref, lzcnt, ht, tsc, tscinvbit, bmi1, bmi2, adx

Memory: 4k page, physical 8388608k(232700k free)

/proc/meminfo:


vm_info: Java HotSpot(TM) 64-Bit Server VM (25.45-b02) for bsd-amd64 JRE (1.8.0_45-b14), built on Apr 10 2015 10:46:38 by "java_re" with gcc 4.2.1 (Based on Apple Inc. build 5658) (LLVM build 2336.11.00)

time: Fri Dec  2 23:16:29 2016
elapsed time: 558 seconds (0d 0h 9m 18s)

