#
# A fatal error has been detected by the Java Runtime Environment:
#
#  SIGSEGV (0xb) at pc=0x0000000102dbad10, pid=40227, tid=17155
#
# JRE version: Java(TM) SE Runtime Environment (8.0_45-b14) (build 1.8.0_45-b14)
# Java VM: Java HotSpot(TM) 64-Bit Server VM (25.45-b02 mixed mode bsd-amd64 compressed oops)
# Problematic frame:
# V  [libjvm.dylib+0x432d10]
#
# Failed to write core dump. Core dumps have been disabled. To enable core dumping, try "ulimit -c unlimited" before starting Java again
#
# If you would like to submit a bug report, please visit:
#   http://bugreport.java.com/bugreport/crash.jsp
#

---------------  T H R E A D  ---------------

Current thread (0x00007f97c7029000):  JavaThread "JDWP Transport Listener: dt_socket" daemon [_thread_in_vm, id=17155, stack(0x0000700006110000,0x0000700006210000)]

siginfo: si_signo: 11 (SIGSEGV), si_code: 0 (unknown), si_addr: 0x0000000000000000

Registers:
RAX=0x0000000000000001, RBX=0x000070000620fa8b, RCX=0x0000000103182190, RDX=0x000070000620fa8b
RSP=0x000070000620f9d0, RBP=0x000070000620f9e0, RSI=0x00007f97c7029000, RDI=0xd00007f97c5f0002
R8 =0x0000000000000000, R9 =0x00007f97c5f19440, R10=0x0000000000000001, R11=0x0000000000000001
R12=0x00007f97c7029000, R13=0xd00007f97c5f0002, R14=0xd00007f97c5f0002, R15=0x00007f97c5e01160
RIP=0x0000000102dbad10, EFLAGS=0x0000000000010282, ERR=0x0000000000000000
  TRAPNO=0x000000000000000d

Top of Stack: (sp=0x000070000620f9d0)
0x000070000620f9d0:   000070000620fa8b 000070000620fa8b
0x000070000620f9e0:   000070000620fa40 0000000102ccb0d6
0x000070000620f9f0:   00007f97c7029000 0000000000000000
0x000070000620fa00:   0000000000000000 0000000000000000
0x000070000620fa10:   00007f97c7029000 00007f97c7029000
0x000070000620fa20:   000070000620fa8b 000070000620fa90
0x000070000620fa30:   d00007f97c5f0002 0000000000000002
0x000070000620fa40:   000070000620fa60 0000000103955780
0x000070000620fa50:   0000000000000001 000070000620fb08
0x000070000620fa60:   000070000620fad0 000000010393a1f3
0x000070000620fa70:   000070000620faa0 00007f97c5f132d0
0x000070000620fa80:   0000000300000032 000000090020fb08
0x000070000620fa90:   0000000000000000 0000000000000000
0x000070000620faa0:   0000000000000000 000070000620fc90
0x000070000620fab0:   000000010395ce7a 00007f97c5d13740
0x000070000620fac0:   000070000620fb08 0000000103968598
0x000070000620fad0:   000070000620fae0 000000010393a2ec
0x000070000620fae0:   000070000620fd00 0000000103943898
0x000070000620faf0:   0000a7dc00000013 00000000000f0200
0x000070000620fb00:   00007f97c5d15770 000070000620fbaf
0x000070000620fb10:   00007f97000000d5 000070000620fb20
0x000070000620fb20:   00007f9700000057 000070000620fb58
0x000070000620fb30:   0000000000000000 0000000000000000
0x000070000620fb40:   0000a7dc00000030 00007f970000c880
0x000070000620fb50:   000070000620fb58 977f000003000000
0x000070000620fb60:   06000000c016e3c5 00003e74696e693c
0x000070000620fb70:   0000005629280300 7f00000100000000
0x000070000620fb80:   000000c816e3c597 0000006e69616d04
0x000070000620fb90:   6176616a4c5b2816 74532f676e616c2f
0x000070000620fba0:   0056293b676e6972 4709000000000000
0x000070000620fbb0:   000000001d000000 1f00000054000000
0x000070000620fbc0:   5b00000000000000 0000000021000000 

Instructions: (pc=0x0000000102dbad10)
0x0000000102dbacf0:   40 48 48 85 c0 75 e0 30 c0 0f b6 c0 5d c3 31 c0
0x0000000102dbad00:   5d c3 55 48 89 e5 53 48 83 ec 08 48 85 ff 74 24
0x0000000102dbad10:   48 8b 1f 48 85 db 74 1c 48 83 fb 37 74 16 48 8b
0x0000000102dbad20:   03 48 89 df ff 50 10 84 c0 b8 00 00 00 00 48 0f 

Register to memory mapping:

RAX=0x0000000000000001 is an unknown value
RBX=0x000070000620fa8b is pointing into the stack for thread: 0x00007f97c7029000
RCX=0x0000000103182190: UseMembar+0 in /Library/Java/JavaVirtualMachines/jdk1.8.0_45.jdk/Contents/Home/jre/lib/server/libjvm.dylib at 0x0000000102988000
RDX=0x000070000620fa8b is pointing into the stack for thread: 0x00007f97c7029000
RSP=0x000070000620f9d0 is pointing into the stack for thread: 0x00007f97c7029000
RBP=0x000070000620f9e0 is pointing into the stack for thread: 0x00007f97c7029000
RSI=0x00007f97c7029000 is a thread
RDI=0xd00007f97c5f0002 is an unknown value
R8 =0x0000000000000000 is an unknown value
R9 =0x00007f97c5f19440 is an unknown value
R10=0x0000000000000001 is an unknown value
R11=0x0000000000000001 is an unknown value
R12=0x00007f97c7029000 is a thread
R13=0xd00007f97c5f0002 is an unknown value
R14=0xd00007f97c5f0002 is an unknown value
R15=0x00007f97c5e01160 is an unknown value


Stack: [0x0000700006110000,0x0000700006210000],  sp=0x000070000620f9d0,  free space=1022k
Native frames: (J=compiled Java code, j=interpreted, Vv=VM code, C=native code)
V  [libjvm.dylib+0x432d10]
V  [libjvm.dylib+0x3430d6]
C  [libjdwp.dylib+0x20780]  isMethodSynthetic+0x63
C  [libjdwp.dylib+0x51f3]  methods1+0x10b
C  [libjdwp.dylib+0x52ec]  methodsWithGeneric+0xe
C  [libjdwp.dylib+0xe898]  debugLoop_run+0x1ce
C  [libjdwp.dylib+0x1f6ba]  attachThread+0x4d
V  [libjvm.dylib+0x38401c]
V  [libjvm.dylib+0x549acf]
V  [libjvm.dylib+0x54b1c0]
V  [libjvm.dylib+0x46ea7e]
C  [libsystem_pthread.dylib+0x3aab]  _pthread_body+0xb4
C  [libsystem_pthread.dylib+0x39f7]  _pthread_body+0x0
C  [libsystem_pthread.dylib+0x3221]  thread_start+0xd
C  0x0000000000000000


---------------  P R O C E S S  ---------------

Java Threads: ( => current thread )
  0x00007f97c6813000 JavaThread "Service Thread" daemon [_thread_blocked, id=20227, stack(0x0000700006722000,0x0000700006822000)]
  0x00007f97c7801000 JavaThread "C1 CompilerThread2" daemon [_thread_blocked, id=19715, stack(0x000070000661f000,0x000070000671f000)]
  0x00007f97c6803000 JavaThread "C2 CompilerThread1" daemon [_thread_blocked, id=19203, stack(0x000070000651c000,0x000070000661c000)]
  0x00007f97c7035800 JavaThread "C2 CompilerThread0" daemon [_thread_blocked, id=18691, stack(0x0000700006419000,0x0000700006519000)]
  0x00007f97c7043800 JavaThread "JDWP Command Reader" daemon [_thread_in_native, id=18179, stack(0x0000700006316000,0x0000700006416000)]
  0x00007f97c7032800 JavaThread "JDWP Event Helper Thread" daemon [_thread_blocked, id=17667, stack(0x0000700006213000,0x0000700006313000)]
=>0x00007f97c7029000 JavaThread "JDWP Transport Listener: dt_socket" daemon [_thread_in_vm, id=17155, stack(0x0000700006110000,0x0000700006210000)]
  0x00007f97c6035800 JavaThread "Signal Dispatcher" daemon [_thread_blocked, id=16643, stack(0x000070000600d000,0x000070000610d000)]
  0x00007f97c7821000 JavaThread "Finalizer" daemon [_thread_blocked, id=12547, stack(0x0000700005f0a000,0x000070000600a000)]
  0x00007f97c7820000 JavaThread "Reference Handler" daemon [_thread_blocked, id=12035, stack(0x0000700005e07000,0x0000700005f07000)]
  0x00007f97c7002000 JavaThread "main" [_thread_blocked, id=7171, stack(0x00007000057f5000,0x00007000058f5000)]

Other Threads:
  0x00007f97c701a000 VMThread [stack: 0x0000700005d04000,0x0000700005e04000] [id=11523]
  0x00007f97c7831000 WatcherThread [stack: 0x0000700006825000,0x0000700006925000] [id=20739]

VM state:not at safepoint (normal execution)

VM Mutex/Monitor currently owned by a thread: None

Heap:
 PSYoungGen      total 38400K, used 3336K [0x0000000795580000, 0x0000000798000000, 0x00000007c0000000)
  eden space 33280K, 10% used [0x0000000795580000,0x00000007958c20e0,0x0000000797600000)
  from space 5120K, 0% used [0x0000000797b00000,0x0000000797b00000,0x0000000798000000)
  to   space 5120K, 0% used [0x0000000797600000,0x0000000797600000,0x0000000797b00000)
 ParOldGen       total 87552K, used 0K [0x0000000740000000, 0x0000000745580000, 0x0000000795580000)
  object space 87552K, 0% used [0x0000000740000000,0x0000000740000000,0x0000000745580000)
 Metaspace       used 2968K, capacity 4664K, committed 4864K, reserved 1056768K
  class space    used 311K, capacity 424K, committed 512K, reserved 1048576K

Card table byte_map: [0x00000001045c0000,0x00000001049c1000] byte_map_base: 0x0000000100bc0000

Marking Bits: (ParMarkBitMap*) 0x000000010324a7a0
 Begin Bits: [0x0000000104c6c000, 0x0000000106c6c000)
 End Bits:   [0x0000000106c6c000, 0x0000000108c6c000)

Polling page: 0x0000000103934000

CodeCache: size=245760Kb used=1168Kb max_used=1175Kb free=244591Kb
 bounds [0x00000001090bb000, 0x000000010932b000, 0x00000001180bb000]
 total_blobs=290 nmethods=58 adapters=154
 compilation: enabled

Compilation events (10 events):
Event: 0.343 Thread 0x00007f97c7801000 nmethod 54 0x00000001091dd310 code [0x00000001091dd4c0, 0x00000001091dda38]
Event: 0.345 Thread 0x00007f97c7035800 nmethod 52 0x00000001091e0a50 code [0x00000001091e0ba0, 0x00000001091e0d58]
Event: 0.348 Thread 0x00007f97c7801000   55       3       java.util.Arrays::copyOf (19 bytes)
Event: 0.349 Thread 0x00007f97c7801000 nmethod 55 0x00000001091e0450 code [0x00000001091e05e0, 0x00000001091e0908]
Event: 0.355 Thread 0x00007f97c7801000   56       3       java.lang.System::getSecurityManager (4 bytes)
Event: 0.356 Thread 0x00007f97c7801000 nmethod 56 0x00000001091e0150 code [0x00000001091e02a0, 0x00000001091e03f0]
Event: 0.377 Thread 0x00007f97c7801000   57       3       java.lang.Number::<init> (5 bytes)
Event: 0.378 Thread 0x00007f97c7801000 nmethod 57 0x00000001091dfd90 code [0x00000001091dff00, 0x00000001091e00b0]
Event: 0.378 Thread 0x00007f97c7801000   58       3       java.lang.Long::<init> (10 bytes)
Event: 0.378 Thread 0x00007f97c7801000 nmethod 58 0x00000001091df910 code [0x00000001091dfa80, 0x00000001091dfc90]

GC Heap History (0 events):
No events

Deoptimization events (1 events):
Event: 0.349 Thread 0x00007f97c7002000 Uncommon trap: reason=unstable_if action=reinterpret pc=0x00000001091e0d0c method=java.lang.String.hashCode()I @ 14

Internal exceptions (2 events):
Event: 0.068 Thread 0x00007f97c7002000 Exception <a 'java/lang/NoSuchMethodError': Method sun.misc.Unsafe.defineClass(Ljava/lang/String;[BII)Ljava/lang/Class; name or signature does not match> (0x0000000795592db0) thrown at [/Users/java_re/workspace/8-2-build-macosx-x86_64/jdk8u45/3457/hotspot
Event: 0.068 Thread 0x00007f97c7002000 Exception <a 'java/lang/NoSuchMethodError': Method sun.misc.Unsafe.prefetchRead(Ljava/lang/Object;J)V name or signature does not match> (0x0000000795593040) thrown at [/Users/java_re/workspace/8-2-build-macosx-x86_64/jdk8u45/3457/hotspot/src/share/vm/prim

Events (10 events):
Event: 2221.331 Executing VM operation: ChangeBreakpoints
Event: 2221.331 Executing VM operation: ChangeBreakpoints done
Event: 2221.334 Executing VM operation: RedefineClasses
Event: 2221.335 Executing VM operation: RedefineClasses done
Event: 2221.412 Executing VM operation: ChangeBreakpoints
Event: 2221.412 Executing VM operation: ChangeBreakpoints done
Event: 2264.681 Executing VM operation: ChangeBreakpoints
Event: 2264.682 Executing VM operation: ChangeBreakpoints done
Event: 4400.357 Executing VM operation: RedefineClasses
Event: 4400.357 Executing VM operation: RedefineClasses done


Dynamic libraries:
0x000000005f510000 	/System/Library/Frameworks/Cocoa.framework/Versions/A/Cocoa
0x000000005f510000 	/System/Library/Frameworks/Security.framework/Versions/A/Security
0x000000005f510000 	/System/Library/Frameworks/ApplicationServices.framework/Versions/A/ApplicationServices
0x000000005f510000 	/usr/lib/libz.1.dylib
0x000000005f510000 	/usr/lib/libSystem.B.dylib
0x000000005f510000 	/usr/lib/libobjc.A.dylib
0x000000005f510000 	/System/Library/Frameworks/CoreFoundation.framework/Versions/A/CoreFoundation
0x000000005f510000 	/System/Library/Frameworks/Foundation.framework/Versions/C/Foundation
0x000000005f510000 	/System/Library/Frameworks/AppKit.framework/Versions/C/AppKit
0x000000005f510000 	/System/Library/Frameworks/CoreData.framework/Versions/A/CoreData
0x000000005f510000 	/System/Library/PrivateFrameworks/RemoteViewServices.framework/Versions/A/RemoteViewServices
0x000000005f510000 	/System/Library/PrivateFrameworks/UIFoundation.framework/Versions/A/UIFoundation
0x000000005f510000 	/usr/lib/libenergytrace.dylib
0x000000005f510000 	/System/Library/PrivateFrameworks/SkyLight.framework/Versions/A/SkyLight
0x000000005f510000 	/System/Library/Frameworks/CoreGraphics.framework/Versions/A/CoreGraphics
0x000000005f510000 	/usr/lib/libScreenReader.dylib
0x000000005f510000 	/System/Library/Frameworks/Accelerate.framework/Versions/A/Accelerate
0x000000005f510000 	/System/Library/Frameworks/IOSurface.framework/Versions/A/IOSurface
0x000000005f510000 	/System/Library/Frameworks/AudioToolbox.framework/Versions/A/AudioToolbox
0x000000005f510000 	/System/Library/Frameworks/AudioUnit.framework/Versions/A/AudioUnit
0x000000005f510000 	/System/Library/PrivateFrameworks/DataDetectorsCore.framework/Versions/A/DataDetectorsCore
0x000000005f510000 	/System/Library/PrivateFrameworks/DesktopServicesPriv.framework/Versions/A/DesktopServicesPriv
0x000000005f510000 	/System/Library/Frameworks/Carbon.framework/Versions/A/Frameworks/HIToolbox.framework/Versions/A/HIToolbox
0x000000005f510000 	/usr/lib/libicucore.A.dylib
0x000000005f510000 	/System/Library/Frameworks/QuartzCore.framework/Versions/A/QuartzCore
0x000000005f510000 	/System/Library/Frameworks/Carbon.framework/Versions/A/Frameworks/SpeechRecognition.framework/Versions/A/SpeechRecognition
0x000000005f510000 	/usr/lib/libauto.dylib
0x000000005f510000 	/usr/lib/libxml2.2.dylib
0x000000005f510000 	/System/Library/PrivateFrameworks/CoreUI.framework/Versions/A/CoreUI
0x000000005f510000 	/System/Library/Frameworks/CoreAudio.framework/Versions/A/CoreAudio
0x000000005f510000 	/System/Library/Frameworks/DiskArbitration.framework/Versions/A/DiskArbitration
0x000000005f510000 	/usr/lib/liblangid.dylib
0x000000005f510000 	/System/Library/PrivateFrameworks/MultitouchSupport.framework/Versions/A/MultitouchSupport
0x000000005f510000 	/System/Library/Frameworks/IOKit.framework/Versions/A/IOKit
0x000000005f510000 	/usr/lib/libDiagnosticMessagesClient.dylib
0x000000005f510000 	/System/Library/Frameworks/CoreServices.framework/Versions/A/CoreServices
0x000000005f510000 	/System/Library/PrivateFrameworks/PerformanceAnalysis.framework/Versions/A/PerformanceAnalysis
0x000000005f510000 	/System/Library/PrivateFrameworks/GenerationalStorage.framework/Versions/A/GenerationalStorage
0x000000005f510000 	/System/Library/Frameworks/OpenGL.framework/Versions/A/OpenGL
0x000000005f510000 	/System/Library/Frameworks/CoreImage.framework/Versions/A/CoreImage
0x000000005f510000 	/System/Library/Frameworks/CoreText.framework/Versions/A/CoreText
0x000000005f510000 	/System/Library/Frameworks/ImageIO.framework/Versions/A/ImageIO
0x000000005f510000 	/System/Library/PrivateFrameworks/Backup.framework/Versions/A/Backup
0x000000005f510000 	/usr/lib/libarchive.2.dylib
0x000000005f510000 	/System/Library/Frameworks/CFNetwork.framework/Versions/A/CFNetwork
0x000000005f510000 	/System/Library/Frameworks/SystemConfiguration.framework/Versions/A/SystemConfiguration
0x000000005f510000 	/usr/lib/libCRFSuite.dylib
0x000000005f510000 	/usr/lib/libc++.1.dylib
0x000000005f510000 	/usr/lib/libc++abi.dylib
0x000000005f510000 	/usr/lib/system/libcache.dylib
0x000000005f510000 	/usr/lib/system/libcommonCrypto.dylib
0x000000005f510000 	/usr/lib/system/libcompiler_rt.dylib
0x000000005f510000 	/usr/lib/system/libcopyfile.dylib
0x000000005f510000 	/usr/lib/system/libcorecrypto.dylib
0x000000005f510000 	/usr/lib/system/libdispatch.dylib
0x000000005f510000 	/usr/lib/system/libdyld.dylib
0x000000005f510000 	/usr/lib/system/libkeymgr.dylib
0x000000005f510000 	/usr/lib/system/liblaunch.dylib
0x000000005f510000 	/usr/lib/system/libmacho.dylib
0x000000005f510000 	/usr/lib/system/libquarantine.dylib
0x000000005f510000 	/usr/lib/system/libremovefile.dylib
0x000000005f510000 	/usr/lib/system/libsystem_asl.dylib
0x000000005f510000 	/usr/lib/system/libsystem_blocks.dylib
0x000000005f510000 	/usr/lib/system/libsystem_c.dylib
0x000000005f510000 	/usr/lib/system/libsystem_configuration.dylib
0x000000005f510000 	/usr/lib/system/libsystem_coreservices.dylib
0x000000005f510000 	/usr/lib/system/libsystem_coretls.dylib
0x000000005f510000 	/usr/lib/system/libsystem_dnssd.dylib
0x000000005f510000 	/usr/lib/system/libsystem_info.dylib
0x000000005f510000 	/usr/lib/system/libsystem_kernel.dylib
0x000000005f510000 	/usr/lib/system/libsystem_m.dylib
0x000000005f510000 	/usr/lib/system/libsystem_malloc.dylib
0x000000005f510000 	/usr/lib/system/libsystem_network.dylib
0x000000005f510000 	/usr/lib/system/libsystem_networkextension.dylib
0x000000005f510000 	/usr/lib/system/libsystem_notify.dylib
0x000000005f510000 	/usr/lib/system/libsystem_platform.dylib
0x000000005f510000 	/usr/lib/system/libsystem_pthread.dylib
0x000000005f510000 	/usr/lib/system/libsystem_sandbox.dylib
0x000000005f510000 	/usr/lib/system/libsystem_secinit.dylib
0x000000005f510000 	/usr/lib/system/libsystem_symptoms.dylib
0x000000005f510000 	/usr/lib/system/libsystem_trace.dylib
0x000000005f510000 	/usr/lib/system/libunwind.dylib
0x000000005f510000 	/usr/lib/system/libxpc.dylib
0x000000005f510000 	/usr/lib/libbsm.0.dylib
0x000000005f510000 	/usr/lib/system/libkxld.dylib
0x000000005f510000 	/usr/lib/libcoretls.dylib
0x000000005f510000 	/usr/lib/libcoretls_cfhelpers.dylib
0x000000005f510000 	/usr/lib/libxar.1.dylib
0x000000005f510000 	/usr/lib/libsqlite3.dylib
0x000000005f510000 	/usr/lib/libpam.2.dylib
0x000000005f510000 	/usr/lib/libOpenScriptingUtil.dylib
0x000000005f510000 	/usr/lib/libbz2.1.0.dylib
0x000000005f510000 	/usr/lib/liblzma.5.dylib
0x000000005f510000 	/usr/lib/libnetwork.dylib
0x000000005f510000 	/usr/lib/libpcap.A.dylib
0x000000005f510000 	/System/Library/Frameworks/CoreServices.framework/Versions/A/Frameworks/FSEvents.framework/Versions/A/FSEvents
0x000000005f510000 	/System/Library/Frameworks/CoreServices.framework/Versions/A/Frameworks/CarbonCore.framework/Versions/A/CarbonCore
0x000000005f510000 	/System/Library/Frameworks/CoreServices.framework/Versions/A/Frameworks/Metadata.framework/Versions/A/Metadata
0x000000005f510000 	/System/Library/Frameworks/CoreServices.framework/Versions/A/Frameworks/OSServices.framework/Versions/A/OSServices
0x000000005f510000 	/System/Library/Frameworks/CoreServices.framework/Versions/A/Frameworks/SearchKit.framework/Versions/A/SearchKit
0x000000005f510000 	/System/Library/Frameworks/CoreServices.framework/Versions/A/Frameworks/AE.framework/Versions/A/AE
0x000000005f510000 	/System/Library/Frameworks/CoreServices.framework/Versions/A/Frameworks/LaunchServices.framework/Versions/A/LaunchServices
0x000000005f510000 	/System/Library/Frameworks/CoreServices.framework/Versions/A/Frameworks/DictionaryServices.framework/Versions/A/DictionaryServices
0x000000005f510000 	/System/Library/Frameworks/CoreServices.framework/Versions/A/Frameworks/SharedFileList.framework/Versions/A/SharedFileList
0x000000005f510000 	/System/Library/Frameworks/NetFS.framework/Versions/A/NetFS
0x000000005f510000 	/System/Library/PrivateFrameworks/NetAuth.framework/Versions/A/NetAuth
0x000000005f510000 	/System/Library/PrivateFrameworks/login.framework/Versions/A/Frameworks/loginsupport.framework/Versions/A/loginsupport
0x000000005f510000 	/System/Library/PrivateFrameworks/TCC.framework/Versions/A/TCC
0x000000005f510000 	/usr/lib/libmecabra.dylib
0x000000005f510000 	/System/Library/Frameworks/ApplicationServices.framework/Versions/A/Frameworks/ATS.framework/Versions/A/ATS
0x000000005f510000 	/System/Library/Frameworks/ApplicationServices.framework/Versions/A/Frameworks/ColorSync.framework/Versions/A/ColorSync
0x000000005f510000 	/System/Library/Frameworks/ApplicationServices.framework/Versions/A/Frameworks/HIServices.framework/Versions/A/HIServices
0x000000005f510000 	/System/Library/Frameworks/ApplicationServices.framework/Versions/A/Frameworks/LangAnalysis.framework/Versions/A/LangAnalysis
0x000000005f510000 	/System/Library/Frameworks/ApplicationServices.framework/Versions/A/Frameworks/PrintCore.framework/Versions/A/PrintCore
0x000000005f510000 	/System/Library/Frameworks/ApplicationServices.framework/Versions/A/Frameworks/QD.framework/Versions/A/QD
0x000000005f510000 	/System/Library/Frameworks/ApplicationServices.framework/Versions/A/Frameworks/SpeechSynthesis.framework/Versions/A/SpeechSynthesis
0x000000005f510000 	/System/Library/Frameworks/Accelerate.framework/Versions/A/Frameworks/vImage.framework/Versions/A/vImage
0x000000005f510000 	/System/Library/Frameworks/Accelerate.framework/Versions/A/Frameworks/vecLib.framework/Versions/A/vecLib
0x000000005f510000 	/System/Library/Frameworks/Accelerate.framework/Versions/A/Frameworks/vecLib.framework/Versions/A/libvDSP.dylib
0x000000005f510000 	/System/Library/Frameworks/Accelerate.framework/Versions/A/Frameworks/vecLib.framework/Versions/A/libBNNS.dylib
0x000000005f510000 	/System/Library/Frameworks/Accelerate.framework/Versions/A/Frameworks/vecLib.framework/Versions/A/libQuadrature.dylib
0x000000005f510000 	/System/Library/Frameworks/Accelerate.framework/Versions/A/Frameworks/vecLib.framework/Versions/A/libvMisc.dylib
0x000000005f510000 	/System/Library/Frameworks/Accelerate.framework/Versions/A/Frameworks/vecLib.framework/Versions/A/libLAPACK.dylib
0x000000005f510000 	/System/Library/Frameworks/Accelerate.framework/Versions/A/Frameworks/vecLib.framework/Versions/A/libBLAS.dylib
0x000000005f510000 	/System/Library/Frameworks/Accelerate.framework/Versions/A/Frameworks/vecLib.framework/Versions/A/libLinearAlgebra.dylib
0x000000005f510000 	/System/Library/Frameworks/Accelerate.framework/Versions/A/Frameworks/vecLib.framework/Versions/A/libSparseBLAS.dylib
0x000000005f510000 	/System/Library/Frameworks/ApplicationServices.framework/Versions/A/Frameworks/ATS.framework/Versions/A/Resources/libFontParser.dylib
0x000000005f510000 	/System/Library/Frameworks/ApplicationServices.framework/Versions/A/Frameworks/ATS.framework/Versions/A/Resources/libFontRegistry.dylib
0x000000005f510000 	/System/Library/Frameworks/ImageIO.framework/Versions/A/Resources/libJPEG.dylib
0x000000005f510000 	/System/Library/Frameworks/ImageIO.framework/Versions/A/Resources/libTIFF.dylib
0x000000005f510000 	/System/Library/Frameworks/ImageIO.framework/Versions/A/Resources/libPng.dylib
0x000000005f510000 	/System/Library/Frameworks/ImageIO.framework/Versions/A/Resources/libGIF.dylib
0x000000005f510000 	/System/Library/Frameworks/ImageIO.framework/Versions/A/Resources/libJP2.dylib
0x000000005f510000 	/System/Library/Frameworks/ImageIO.framework/Versions/A/Resources/libRadiance.dylib
0x000000005f510000 	/usr/lib/libcompression.dylib
0x000000005f510000 	/System/Library/PrivateFrameworks/AppleJPEG.framework/Versions/A/AppleJPEG
0x000000005f510000 	/usr/lib/libcups.2.dylib
0x000000005f510000 	/System/Library/Frameworks/Kerberos.framework/Versions/A/Kerberos
0x000000005f510000 	/System/Library/Frameworks/GSS.framework/Versions/A/GSS
0x000000005f510000 	/usr/lib/libresolv.9.dylib
0x000000005f510000 	/usr/lib/libiconv.2.dylib
0x000000005f510000 	/System/Library/PrivateFrameworks/Heimdal.framework/Versions/A/Heimdal
0x000000005f510000 	/usr/lib/libheimdal-asn1.dylib
0x000000005f510000 	/System/Library/Frameworks/OpenDirectory.framework/Versions/A/OpenDirectory
0x000000005f510000 	/System/Library/PrivateFrameworks/CommonAuth.framework/Versions/A/CommonAuth
0x000000005f510000 	/System/Library/Frameworks/OpenDirectory.framework/Versions/A/Frameworks/CFOpenDirectory.framework/Versions/A/CFOpenDirectory
0x000000005f510000 	/System/Library/Frameworks/SecurityFoundation.framework/Versions/A/SecurityFoundation
0x000000005f510000 	/System/Library/PrivateFrameworks/LanguageModeling.framework/Versions/A/LanguageModeling
0x000000005f510000 	/usr/lib/libmarisa.dylib
0x000000005f510000 	/usr/lib/libChineseTokenizer.dylib
0x000000005f510000 	/usr/lib/libcmph.dylib
0x000000005f510000 	/System/Library/PrivateFrameworks/CoreEmoji.framework/Versions/A/CoreEmoji
0x000000005f510000 	/System/Library/Frameworks/ServiceManagement.framework/Versions/A/ServiceManagement
0x000000005f510000 	/usr/lib/libxslt.1.dylib
0x000000005f510000 	/System/Library/Frameworks/Carbon.framework/Versions/A/Frameworks/Ink.framework/Versions/A/Ink
0x000000005f510000 	/System/Library/PrivateFrameworks/TextureIO.framework/Versions/A/TextureIO
0x000000005f510000 	/System/Library/Frameworks/Metal.framework/Versions/A/Metal
0x000000005f510000 	/usr/lib/libate.dylib
0x000000005f510000 	/System/Library/PrivateFrameworks/GPUCompiler.framework/libmetal_timestamp.dylib
0x000000005f510000 	/System/Library/Frameworks/OpenGL.framework/Versions/A/Libraries/libCoreFSCache.dylib
0x000000005f510000 	/System/Library/PrivateFrameworks/IOAccelerator.framework/Versions/A/IOAccelerator
0x000000005f510000 	/System/Library/Frameworks/CoreVideo.framework/Versions/A/CoreVideo
0x000000005f510000 	/usr/lib/libFosl_dynamic.dylib
0x000000005f510000 	/System/Library/PrivateFrameworks/MetalPerformanceShaders.framework/Versions/A/MetalPerformanceShaders
0x000000005f510000 	/System/Library/PrivateFrameworks/FaceCore.framework/Versions/A/FaceCore
0x000000005f510000 	/System/Library/Frameworks/OpenCL.framework/Versions/A/OpenCL
0x000000005f510000 	/System/Library/Frameworks/OpenGL.framework/Versions/A/Libraries/libGLU.dylib
0x000000005f510000 	/System/Library/Frameworks/OpenGL.framework/Versions/A/Libraries/libGFXShared.dylib
0x000000005f510000 	/System/Library/Frameworks/OpenGL.framework/Versions/A/Libraries/libGL.dylib
0x000000005f510000 	/System/Library/Frameworks/OpenGL.framework/Versions/A/Libraries/libGLImage.dylib
0x000000005f510000 	/System/Library/Frameworks/OpenGL.framework/Versions/A/Libraries/libCVMSPluginSupport.dylib
0x000000005f510000 	/System/Library/Frameworks/OpenGL.framework/Versions/A/Libraries/libCoreVMClient.dylib
0x000000005f510000 	/System/Library/PrivateFrameworks/CrashReporterSupport.framework/Versions/A/CrashReporterSupport
0x000000005f510000 	/System/Library/PrivateFrameworks/Sharing.framework/Versions/A/Sharing
0x000000005f510000 	/System/Library/PrivateFrameworks/IconServices.framework/Versions/A/IconServices
0x000000005f510000 	/System/Library/PrivateFrameworks/ProtocolBuffer.framework/Versions/A/ProtocolBuffer
0x000000005f510000 	/System/Library/PrivateFrameworks/Apple80211.framework/Versions/A/Apple80211
0x000000005f510000 	/System/Library/Frameworks/CoreWLAN.framework/Versions/A/CoreWLAN
0x000000005f510000 	/System/Library/PrivateFrameworks/CoreUtils.framework/Versions/A/CoreUtils
0x000000005f510000 	/System/Library/Frameworks/IOBluetooth.framework/Versions/A/IOBluetooth
0x000000005f510000 	/System/Library/PrivateFrameworks/CoreWiFi.framework/Versions/A/CoreWiFi
0x000000005f510000 	/System/Library/Frameworks/CoreBluetooth.framework/Versions/A/CoreBluetooth
0x000000005f510000 	/System/Library/Frameworks/CoreDisplay.framework/Versions/A/CoreDisplay
0x000000005f510000 	/System/Library/PrivateFrameworks/IOPresentment.framework/Versions/A/IOPresentment
0x000000005f510000 	/System/Library/PrivateFrameworks/DebugSymbols.framework/Versions/A/DebugSymbols
0x000000005f510000 	/System/Library/PrivateFrameworks/CoreSymbolication.framework/Versions/A/CoreSymbolication
0x000000005f510000 	/System/Library/PrivateFrameworks/Symbolication.framework/Versions/A/Symbolication
0x000000005f510000 	/System/Library/PrivateFrameworks/AppleFSCompression.framework/Versions/A/AppleFSCompression
0x000000005f510000 	/System/Library/PrivateFrameworks/SpeechRecognitionCore.framework/Versions/A/SpeechRecognitionCore
0x000000005f510000 	/System/Library/PrivateFrameworks/ChunkingLibrary.framework/Versions/A/ChunkingLibrary
0x0000000102988000 	/Library/Java/JavaVirtualMachines/jdk1.8.0_45.jdk/Contents/Home/jre/lib/server/libjvm.dylib
0x000000005f510000 	/usr/lib/libstdc++.6.dylib
0x00000001038f1000 	/Library/Java/JavaVirtualMachines/jdk1.8.0_45.jdk/Contents/Home/jre/lib/libverify.dylib
0x00000001038ff000 	/Library/Java/JavaVirtualMachines/jdk1.8.0_45.jdk/Contents/Home/jre/lib/libjava.dylib
0x0000000103935000 	/Library/Java/JavaVirtualMachines/jdk1.8.0_45.jdk/Contents/Home/jre/lib/libjdwp.dylib
0x0000000103980000 	/Library/Java/JavaVirtualMachines/jdk1.8.0_45.jdk/Contents/Home/jre/lib/libnpt.dylib
0x000000010398d000 	/Library/Java/JavaVirtualMachines/jdk1.8.0_45.jdk/Contents/Home/jre/lib/libzip.dylib
0x0000000109012000 	/System/Library/Frameworks/JavaVM.framework/Frameworks/JavaRuntimeSupport.framework/JavaRuntimeSupport
0x00000001039e7000 	/System/Library/Frameworks/JavaVM.framework/Versions/A/Frameworks/JavaNativeFoundation.framework/Versions/A/JavaNativeFoundation
0x0000000119bbb000 	/System/Library/Frameworks/JavaVM.framework/Versions/A/JavaVM
0x000000005f510000 	/System/Library/Frameworks/Carbon.framework/Versions/A/Carbon
0x0000000119bc8000 	/System/Library/PrivateFrameworks/JavaLaunching.framework/Versions/A/JavaLaunching
0x000000005f510000 	/System/Library/Frameworks/Carbon.framework/Versions/A/Frameworks/CommonPanels.framework/Versions/A/CommonPanels
0x000000005f510000 	/System/Library/Frameworks/Carbon.framework/Versions/A/Frameworks/Help.framework/Versions/A/Help
0x000000005f510000 	/System/Library/Frameworks/Carbon.framework/Versions/A/Frameworks/ImageCapture.framework/Versions/A/ImageCapture
0x000000005f510000 	/System/Library/Frameworks/Carbon.framework/Versions/A/Frameworks/OpenScripting.framework/Versions/A/OpenScripting
0x000000005f510000 	/System/Library/Frameworks/Carbon.framework/Versions/A/Frameworks/Print.framework/Versions/A/Print
0x000000005f510000 	/System/Library/Frameworks/Carbon.framework/Versions/A/Frameworks/SecurityHI.framework/Versions/A/SecurityHI
0x000000011b4ca000 	/Library/Java/JavaVirtualMachines/jdk1.8.0_45.jdk/Contents/Home/jre/lib/libdt_socket.dylib

VM Arguments:
jvm_args: -agentlib:jdwp=transport=dt_socket,address=127.0.0.1:54531,suspend=y,server=n -Dfile.encoding=UTF-8 
java_command: com.FractionToRecurringDecimal166
java_class_path (initial): /Library/Java/JavaVirtualMachines/jdk1.8.0_45.jdk/Contents/Home/jre/lib/charsets.jar:/Library/Java/JavaVirtualMachines/jdk1.8.0_45.jdk/Contents/Home/jre/lib/deploy.jar:/Library/Java/JavaVirtualMachines/jdk1.8.0_45.jdk/Contents/Home/jre/lib/ext/cldrdata.jar:/Library/Java/JavaVirtualMachines/jdk1.8.0_45.jdk/Contents/Home/jre/lib/ext/dnsns.jar:/Library/Java/JavaVirtualMachines/jdk1.8.0_45.jdk/Contents/Home/jre/lib/ext/jfxrt.jar:/Library/Java/JavaVirtualMachines/jdk1.8.0_45.jdk/Contents/Home/jre/lib/ext/localedata.jar:/Library/Java/JavaVirtualMachines/jdk1.8.0_45.jdk/Contents/Home/jre/lib/ext/nashorn.jar:/Library/Java/JavaVirtualMachines/jdk1.8.0_45.jdk/Contents/Home/jre/lib/ext/sunec.jar:/Library/Java/JavaVirtualMachines/jdk1.8.0_45.jdk/Contents/Home/jre/lib/ext/sunjce_provider.jar:/Library/Java/JavaVirtualMachines/jdk1.8.0_45.jdk/Contents/Home/jre/lib/ext/sunpkcs11.jar:/Library/Java/JavaVirtualMachines/jdk1.8.0_45.jdk/Contents/Home/jre/lib/ext/zipfs.jar:/Library/Java/JavaVirtualMachines/jdk1.8.0_45.jdk/Contents/Home/jre/lib/javaws.jar:/Library/Java/JavaVirtualMachines/jdk1.8.0_45.jdk/Contents/Home/jre/lib/jce.jar:/Library/Java/JavaVirtualMachines/jdk1.8.0_45.jdk/Contents/Home/jre/lib/jfr.jar:/Library/Java/JavaVirtualMachines/jdk1.8.0_45.jdk/Contents/Home/jre/lib/jfxswt.jar:/Library/Java/JavaVirtualMachines/jdk1.8.0_45.jdk/Contents/Home/jre/lib/jsse.jar:/Library/Java/JavaVirtualMachines/jdk1.8.0_45.jdk/Contents/Home/jre/lib/management-agent.jar:/Library/Java/JavaVirtualMachines/jdk1.8.0_45.jdk/Contents/Home/jre/lib/plugin.jar:/Library/Java/JavaVirtualMachines/jdk1.8.0_45.jdk/Contents/Home/jre/lib/resources.jar:/Library/Java/JavaVirtualMachines/jdk1.8.0_45.jdk/Contents/Home/jre/lib/rt.jar:/Library/Java/JavaVirtualMachines/jdk1.8.0_45.jdk/Contents/Home/lib/ant-javafx.jar:/Library/Java/JavaVirtualMachines/jdk1.8.0_45.jdk/Contents/Home/lib/dt.jar:/Library/Java/JavaVirtualMachines/jdk1.8.0_45.jdk/Contents/Home/lib/javafx-mx.jar:/Library/Java/Jav
Launcher Type: SUN_STANDARD

Environment Variables:
PATH=/Library/Frameworks/Python.framework/Versions/3.5/bin:/Library/Frameworks/Python.framework/Versions/3.5/bin:/usr/local/bin:/usr/bin:/bin:/usr/sbin:/sbin:/usr/local/git/bin:/Applications/Sublime Text 2.app/Contents/SharedSupport/bin
SHELL=/bin/bash

Signal Handlers:
SIGSEGV: [libjvm.dylib+0x58ef95], sa_mask[0]=11111111011111110111111111111111, sa_flags=SA_ONSTACK|SA_RESTART|SA_SIGINFO
SIGBUS: [libjvm.dylib+0x58ef95], sa_mask[0]=11111111011111110111111111111111, sa_flags=SA_RESTART|SA_SIGINFO
SIGFPE: [libjvm.dylib+0x46c108], sa_mask[0]=11111111011111110111111111111111, sa_flags=SA_RESTART|SA_SIGINFO
SIGPIPE: [libjvm.dylib+0x46c108], sa_mask[0]=11111111011111110111111111111111, sa_flags=SA_RESTART|SA_SIGINFO
SIGXFSZ: [libjvm.dylib+0x46c108], sa_mask[0]=11111111011111110111111111111111, sa_flags=SA_RESTART|SA_SIGINFO
SIGILL: [libjvm.dylib+0x46c108], sa_mask[0]=11111111011111110111111111111111, sa_flags=SA_RESTART|SA_SIGINFO
SIGUSR1: SIG_DFL, sa_mask[0]=00000000000000000000000000000000, sa_flags=none
SIGUSR2: [libjvm.dylib+0x46bc26], sa_mask[0]=00100000000000000000000000000000, sa_flags=SA_RESTART|SA_SIGINFO
SIGHUP: [libjvm.dylib+0x46a1f9], sa_mask[0]=11111111011111110111111111111111, sa_flags=SA_RESTART|SA_SIGINFO
SIGINT: [libjvm.dylib+0x46a1f9], sa_mask[0]=11111111011111110111111111111111, sa_flags=SA_RESTART|SA_SIGINFO
SIGTERM: [libjvm.dylib+0x46a1f9], sa_mask[0]=11111111011111110111111111111111, sa_flags=SA_RESTART|SA_SIGINFO
SIGQUIT: [libjvm.dylib+0x46a1f9], sa_mask[0]=11111111011111110111111111111111, sa_flags=SA_RESTART|SA_SIGINFO


---------------  S Y S T E M  ---------------

OS:Bsduname:Darwin 16.1.0 Darwin Kernel Version 16.1.0: Thu Oct 13 21:26:57 PDT 2016; root:xnu-3789.21.3~60/RELEASE_X86_64 x86_64
rlimit: STACK 8192k, CORE 0k, NPROC 709, NOFILE 10240, AS infinity
load average:11.06 10.33 10.04

CPU:total 4 (2 cores per cpu, 2 threads per core) family 6 model 61 stepping 4, cmov, cx8, fxsr, mmx, sse, sse2, sse3, ssse3, sse4.1, sse4.2, popcnt, avx, avx2, aes, clmul, erms, 3dnowpref, lzcnt, ht, tsc, tscinvbit, bmi1, bmi2, adx

Memory: 4k page, physical 8388608k(2160692k free)

/proc/meminfo:


vm_info: Java HotSpot(TM) 64-Bit Server VM (25.45-b02) for bsd-amd64 JRE (1.8.0_45-b14), built on Apr 10 2015 10:46:38 by "java_re" with gcc 4.2.1 (Based on Apple Inc. build 5658) (LLVM build 2336.11.00)

time: Tue Jan  3 23:15:23 2017
elapsed time: 4400 seconds (0d 1h 13m 20s)

